{"C:\\Users\\pheb\\dev\\Stellar\\stellar-burgers\\src\\services\\store.ts": {"path":"C:\\Users\\pheb\\dev\\Stellar\\stellar-burgers\\src\\services\\store.ts","all":false,"statementMap":{"0":{"start":{"line":1,"column":0},"end":{"line":1,"column":50}},"1":{"start":{"line":2,"column":0},"end":{"line":2,"column":40}},"2":{"start":{"line":3,"column":0},"end":{"line":3,"column":8}},"3":{"start":{"line":4,"column":0},"end":{"line":4,"column":23}},"4":{"start":{"line":5,"column":0},"end":{"line":5,"column":30}},"5":{"start":{"line":6,"column":0},"end":{"line":6,"column":29}},"6":{"start":{"line":7,"column":0},"end":{"line":7,"column":21}},"7":{"start":{"line":8,"column":0},"end":{"line":8,"column":0}},"8":{"start":{"line":9,"column":0},"end":{"line":9,"column":54}},"9":{"start":{"line":10,"column":0},"end":{"line":10,"column":43}},"10":{"start":{"line":11,"column":0},"end":{"line":11,"column":42}},"11":{"start":{"line":12,"column":0},"end":{"line":12,"column":56}},"12":{"start":{"line":13,"column":0},"end":{"line":13,"column":40}},"13":{"start":{"line":14,"column":0},"end":{"line":14,"column":52}},"14":{"start":{"line":15,"column":0},"end":{"line":15,"column":0}},"15":{"start":{"line":16,"column":0},"end":{"line":16,"column":44}},"16":{"start":{"line":17,"column":0},"end":{"line":17,"column":34}},"17":{"start":{"line":18,"column":0},"end":{"line":18,"column":22}},"18":{"start":{"line":19,"column":0},"end":{"line":19,"column":22}},"19":{"start":{"line":20,"column":0},"end":{"line":20,"column":37}},"20":{"start":{"line":21,"column":0},"end":{"line":21,"column":20}},"21":{"start":{"line":22,"column":0},"end":{"line":22,"column":31}},"22":{"start":{"line":23,"column":0},"end":{"line":23,"column":3}},"23":{"start":{"line":24,"column":0},"end":{"line":24,"column":0}},"24":{"start":{"line":25,"column":0},"end":{"line":25,"column":30}},"25":{"start":{"line":26,"column":0},"end":{"line":26,"column":23}},"26":{"start":{"line":27,"column":0},"end":{"line":27,"column":50}},"27":{"start":{"line":28,"column":0},"end":{"line":28,"column":39}},"28":{"start":{"line":29,"column":0},"end":{"line":29,"column":26}},"29":{"start":{"line":30,"column":0},"end":{"line":30,"column":26}},"30":{"start":{"line":31,"column":0},"end":{"line":31,"column":43}},"31":{"start":{"line":32,"column":0},"end":{"line":32,"column":7}},"32":{"start":{"line":33,"column":0},"end":{"line":33,"column":6}},"33":{"start":{"line":34,"column":0},"end":{"line":34,"column":3}},"34":{"start":{"line":35,"column":0},"end":{"line":35,"column":0}},"35":{"start":{"line":36,"column":0},"end":{"line":36,"column":55}},"36":{"start":{"line":37,"column":0},"end":{"line":37,"column":0}},"37":{"start":{"line":38,"column":0},"end":{"line":38,"column":48}},"38":{"start":{"line":39,"column":0},"end":{"line":39,"column":0}},"39":{"start":{"line":40,"column":0},"end":{"line":40,"column":61}},"40":{"start":{"line":41,"column":0},"end":{"line":41,"column":0}},"41":{"start":{"line":42,"column":0},"end":{"line":42,"column":73}},"42":{"start":{"line":43,"column":0},"end":{"line":43,"column":0}},"43":{"start":{"line":44,"column":0},"end":{"line":44,"column":21}}},"s":{"0":1,"1":1,"2":1,"3":1,"4":1,"5":1,"6":1,"7":1,"8":1,"9":1,"10":1,"11":1,"12":1,"13":1,"14":1,"15":1,"16":1,"17":1,"18":1,"19":1,"20":1,"21":1,"22":1,"23":1,"24":1,"25":1,"26":1,"27":1,"28":1,"29":1,"30":1,"31":1,"32":1,"33":1,"34":1,"35":1,"36":1,"37":1,"38":1,"39":1,"40":1,"41":1,"42":1,"43":1},"branchMap":{"0":{"type":"branch","line":28,"loc":{"start":{"line":28,"column":14},"end":{"line":29,"column":24}},"locations":[{"start":{"line":28,"column":14},"end":{"line":29,"column":24}}]}},"b":{"0":[1]},"fnMap":{"0":{"name":"middleware","decl":{"start":{"line":28,"column":14},"end":{"line":29,"column":24}},"loc":{"start":{"line":28,"column":14},"end":{"line":29,"column":24}},"line":28},"1":{"name":"useDispatch","decl":{"start":{"line":40,"column":27},"end":{"line":40,"column":45}},"loc":{"start":{"line":40,"column":27},"end":{"line":40,"column":45}},"line":40}},"f":{"0":1,"1":0}}
,"C:\\Users\\pheb\\dev\\Stellar\\stellar-burgers\\src\\services\\slices\\feeds.ts": {"path":"C:\\Users\\pheb\\dev\\Stellar\\stellar-burgers\\src\\services\\slices\\feeds.ts","all":false,"statementMap":{"0":{"start":{"line":1,"column":0},"end":{"line":1,"column":65}},"1":{"start":{"line":2,"column":0},"end":{"line":2,"column":48}},"2":{"start":{"line":3,"column":0},"end":{"line":3,"column":53}},"3":{"start":{"line":4,"column":0},"end":{"line":4,"column":0}},"4":{"start":{"line":5,"column":0},"end":{"line":5,"column":19}},"5":{"start":{"line":6,"column":0},"end":{"line":6,"column":27}},"6":{"start":{"line":7,"column":0},"end":{"line":7,"column":1}},"7":{"start":{"line":8,"column":0},"end":{"line":8,"column":0}},"8":{"start":{"line":9,"column":0},"end":{"line":9,"column":54}},"9":{"start":{"line":10,"column":0},"end":{"line":10,"column":17}},"10":{"start":{"line":11,"column":0},"end":{"line":11,"column":27}},"11":{"start":{"line":12,"column":0},"end":{"line":12,"column":2}},"12":{"start":{"line":13,"column":0},"end":{"line":13,"column":0}},"13":{"start":{"line":14,"column":0},"end":{"line":14,"column":21}},"14":{"start":{"line":15,"column":0},"end":{"line":15,"column":26}},"15":{"start":{"line":16,"column":0},"end":{"line":16,"column":28}},"16":{"start":{"line":17,"column":0},"end":{"line":17,"column":23}},"17":{"start":{"line":18,"column":0},"end":{"line":18,"column":2}},"18":{"start":{"line":19,"column":0},"end":{"line":19,"column":0}},"19":{"start":{"line":20,"column":0},"end":{"line":20,"column":53}},"20":{"start":{"line":21,"column":0},"end":{"line":21,"column":0}},"21":{"start":{"line":22,"column":0},"end":{"line":22,"column":46}},"22":{"start":{"line":23,"column":0},"end":{"line":23,"column":13}},"23":{"start":{"line":24,"column":0},"end":{"line":24,"column":11}},"24":{"start":{"line":25,"column":0},"end":{"line":25,"column":16}},"25":{"start":{"line":26,"column":0},"end":{"line":26,"column":24}},"26":{"start":{"line":27,"column":0},"end":{"line":27,"column":26}},"27":{"start":{"line":28,"column":0},"end":{"line":28,"column":13}},"28":{"start":{"line":29,"column":0},"end":{"line":29,"column":2}},"29":{"start":{"line":30,"column":0},"end":{"line":30,"column":0}},"30":{"start":{"line":31,"column":0},"end":{"line":31,"column":32}},"31":{"start":{"line":32,"column":0},"end":{"line":32,"column":16}},"32":{"start":{"line":33,"column":0},"end":{"line":33,"column":33}},"33":{"start":{"line":34,"column":0},"end":{"line":34,"column":15}},"34":{"start":{"line":35,"column":0},"end":{"line":35,"column":14}},"35":{"start":{"line":36,"column":0},"end":{"line":36,"column":39}},"36":{"start":{"line":37,"column":0},"end":{"line":37,"column":55}},"37":{"start":{"line":38,"column":0},"end":{"line":38,"column":59}},"38":{"start":{"line":39,"column":0},"end":{"line":39,"column":37}},"39":{"start":{"line":40,"column":0},"end":{"line":40,"column":47}},"40":{"start":{"line":41,"column":0},"end":{"line":41,"column":56}},"41":{"start":{"line":42,"column":0},"end":{"line":42,"column":69}},"42":{"start":{"line":43,"column":0},"end":{"line":43,"column":4}},"43":{"start":{"line":44,"column":0},"end":{"line":44,"column":31}},"44":{"start":{"line":45,"column":0},"end":{"line":45,"column":11}},"45":{"start":{"line":46,"column":0},"end":{"line":46,"column":45}},"46":{"start":{"line":47,"column":0},"end":{"line":47,"column":36}},"47":{"start":{"line":48,"column":0},"end":{"line":48,"column":27}},"48":{"start":{"line":49,"column":0},"end":{"line":49,"column":8}},"49":{"start":{"line":50,"column":0},"end":{"line":50,"column":55}},"50":{"start":{"line":51,"column":0},"end":{"line":51,"column":45}},"51":{"start":{"line":52,"column":0},"end":{"line":52,"column":43}},"52":{"start":{"line":53,"column":0},"end":{"line":53,"column":53}},"53":{"start":{"line":54,"column":0},"end":{"line":54,"column":37}},"54":{"start":{"line":55,"column":0},"end":{"line":55,"column":38}},"55":{"start":{"line":56,"column":0},"end":{"line":56,"column":8}},"56":{"start":{"line":57,"column":0},"end":{"line":57,"column":54}},"57":{"start":{"line":58,"column":0},"end":{"line":58,"column":37}},"58":{"start":{"line":59,"column":0},"end":{"line":59,"column":38}},"59":{"start":{"line":60,"column":0},"end":{"line":60,"column":76}},"60":{"start":{"line":61,"column":0},"end":{"line":61,"column":9}},"61":{"start":{"line":62,"column":0},"end":{"line":62,"column":3}},"62":{"start":{"line":63,"column":0},"end":{"line":63,"column":3}},"63":{"start":{"line":64,"column":0},"end":{"line":64,"column":0}},"64":{"start":{"line":65,"column":0},"end":{"line":65,"column":34}},"65":{"start":{"line":66,"column":0},"end":{"line":66,"column":0}},"66":{"start":{"line":67,"column":0},"end":{"line":67,"column":14}},"67":{"start":{"line":68,"column":0},"end":{"line":68,"column":12}},"68":{"start":{"line":69,"column":0},"end":{"line":69,"column":20}},"69":{"start":{"line":70,"column":0},"end":{"line":70,"column":22}},"70":{"start":{"line":71,"column":0},"end":{"line":71,"column":11}},"71":{"start":{"line":72,"column":0},"end":{"line":72,"column":16}},"72":{"start":{"line":73,"column":0},"end":{"line":73,"column":22}},"73":{"start":{"line":74,"column":0},"end":{"line":74,"column":25}}},"s":{"0":1,"1":1,"2":1,"3":1,"4":1,"5":1,"6":1,"7":1,"8":1,"9":1,"10":1,"11":1,"12":1,"13":1,"14":1,"15":1,"16":1,"17":1,"18":1,"19":1,"20":1,"21":1,"22":1,"23":1,"24":1,"25":1,"26":1,"27":1,"28":1,"29":1,"30":1,"31":1,"32":1,"33":1,"34":1,"35":1,"36":1,"37":1,"38":1,"39":1,"40":1,"41":1,"42":1,"43":1,"44":1,"45":1,"46":2,"47":2,"48":1,"49":1,"50":2,"51":2,"52":2,"53":2,"54":2,"55":1,"56":1,"57":2,"58":2,"59":2,"60":1,"61":1,"62":1,"63":1,"64":1,"65":1,"66":1,"67":1,"68":1,"69":1,"70":1,"71":1,"72":1,"73":1},"branchMap":{"0":{"type":"branch","line":5,"loc":{"start":{"line":5,"column":0},"end":{"line":7,"column":1}},"locations":[{"start":{"line":5,"column":0},"end":{"line":7,"column":1}}]},"1":{"type":"branch","line":36,"loc":{"start":{"line":36,"column":15},"end":{"line":36,"column":31}},"locations":[{"start":{"line":36,"column":15},"end":{"line":36,"column":31}}]},"2":{"type":"branch","line":37,"loc":{"start":{"line":37,"column":23},"end":{"line":37,"column":39}},"locations":[{"start":{"line":37,"column":23},"end":{"line":37,"column":39}}]},"3":{"type":"branch","line":38,"loc":{"start":{"line":38,"column":25},"end":{"line":38,"column":41}},"locations":[{"start":{"line":38,"column":25},"end":{"line":38,"column":41}}]},"4":{"type":"branch","line":39,"loc":{"start":{"line":39,"column":14},"end":{"line":39,"column":30}},"locations":[{"start":{"line":39,"column":14},"end":{"line":39,"column":30}}]},"5":{"type":"branch","line":40,"loc":{"start":{"line":40,"column":19},"end":{"line":40,"column":35}},"locations":[{"start":{"line":40,"column":19},"end":{"line":40,"column":35}}]},"6":{"type":"branch","line":41,"loc":{"start":{"line":41,"column":26},"end":{"line":41,"column":38}},"locations":[{"start":{"line":41,"column":26},"end":{"line":41,"column":38}}]},"7":{"type":"branch","line":41,"loc":{"start":{"line":41,"column":37},"end":{"line":42,"column":11}},"locations":[{"start":{"line":41,"column":37},"end":{"line":42,"column":11}}]},"8":{"type":"branch","line":42,"loc":{"start":{"line":42,"column":24},"end":{"line":42,"column":40}},"locations":[{"start":{"line":42,"column":24},"end":{"line":42,"column":40}}]},"9":{"type":"branch","line":44,"loc":{"start":{"line":44,"column":17},"end":{"line":62,"column":3}},"locations":[{"start":{"line":44,"column":17},"end":{"line":62,"column":3}}]},"10":{"type":"branch","line":46,"loc":{"start":{"line":46,"column":33},"end":{"line":49,"column":7}},"locations":[{"start":{"line":46,"column":33},"end":{"line":49,"column":7}}]},"11":{"type":"branch","line":50,"loc":{"start":{"line":50,"column":35},"end":{"line":56,"column":7}},"locations":[{"start":{"line":50,"column":35},"end":{"line":56,"column":7}}]},"12":{"type":"branch","line":57,"loc":{"start":{"line":57,"column":34},"end":{"line":61,"column":7}},"locations":[{"start":{"line":57,"column":34},"end":{"line":61,"column":7}}]},"13":{"type":"branch","line":60,"loc":{"start":{"line":60,"column":42},"end":{"line":60,"column":46}},"locations":[{"start":{"line":60,"column":42},"end":{"line":60,"column":46}}]},"14":{"type":"branch","line":60,"loc":{"start":{"line":60,"column":42},"end":{"line":60,"column":75}},"locations":[{"start":{"line":60,"column":42},"end":{"line":60,"column":75}}]}},"b":{"0":[1],"1":[1],"2":[1],"3":[1],"4":[1],"5":[1],"6":[3],"7":[3],"8":[5],"9":[1],"10":[2],"11":[2],"12":[2],"13":[1],"14":[1]},"fnMap":{"0":{"name":"getOrders","decl":{"start":{"line":36,"column":15},"end":{"line":36,"column":31}},"loc":{"start":{"line":36,"column":15},"end":{"line":36,"column":31}},"line":36},"1":{"name":"getFeedsIsLoading","decl":{"start":{"line":37,"column":23},"end":{"line":37,"column":39}},"loc":{"start":{"line":37,"column":23},"end":{"line":37,"column":39}},"line":37},"2":{"name":"getFeedsIsRequested","decl":{"start":{"line":38,"column":25},"end":{"line":38,"column":41}},"loc":{"start":{"line":38,"column":25},"end":{"line":38,"column":41}},"line":38},"3":{"name":"getTotal","decl":{"start":{"line":39,"column":14},"end":{"line":39,"column":30}},"loc":{"start":{"line":39,"column":14},"end":{"line":39,"column":30}},"line":39},"4":{"name":"getTotalToday","decl":{"start":{"line":40,"column":19},"end":{"line":40,"column":35}},"loc":{"start":{"line":40,"column":19},"end":{"line":40,"column":35}},"line":40},"5":{"name":"getFeedOrderByNumber","decl":{"start":{"line":41,"column":26},"end":{"line":41,"column":38}},"loc":{"start":{"line":41,"column":26},"end":{"line":41,"column":38}},"line":41},"6":{"name":"extraReducers","decl":{"start":{"line":44,"column":17},"end":{"line":62,"column":3}},"loc":{"start":{"line":44,"column":17},"end":{"line":62,"column":3}},"line":44}},"f":{"0":1,"1":1,"2":1,"3":1,"4":1,"5":3,"6":1}}
,"C:\\Users\\pheb\\dev\\Stellar\\stellar-burgers\\src\\services\\slices\\ingredients.ts": {"path":"C:\\Users\\pheb\\dev\\Stellar\\stellar-burgers\\src\\services\\slices\\ingredients.ts","all":false,"statementMap":{"0":{"start":{"line":1,"column":0},"end":{"line":1,"column":65}},"1":{"start":{"line":2,"column":0},"end":{"line":2,"column":59}},"2":{"start":{"line":3,"column":0},"end":{"line":3,"column":48}},"3":{"start":{"line":4,"column":0},"end":{"line":4,"column":0}},"4":{"start":{"line":5,"column":0},"end":{"line":5,"column":80}},"5":{"start":{"line":6,"column":0},"end":{"line":6,"column":21}},"6":{"start":{"line":7,"column":0},"end":{"line":7,"column":2}},"7":{"start":{"line":8,"column":0},"end":{"line":8,"column":0}},"8":{"start":{"line":9,"column":0},"end":{"line":9,"column":25}},"9":{"start":{"line":10,"column":0},"end":{"line":10,"column":23}},"10":{"start":{"line":11,"column":0},"end":{"line":11,"column":32}},"11":{"start":{"line":12,"column":0},"end":{"line":12,"column":34}},"12":{"start":{"line":13,"column":0},"end":{"line":13,"column":23}},"13":{"start":{"line":14,"column":0},"end":{"line":14,"column":2}},"14":{"start":{"line":15,"column":0},"end":{"line":15,"column":0}},"15":{"start":{"line":16,"column":0},"end":{"line":16,"column":58}},"16":{"start":{"line":17,"column":0},"end":{"line":17,"column":12}},"17":{"start":{"line":18,"column":0},"end":{"line":18,"column":30}},"18":{"start":{"line":19,"column":0},"end":{"line":19,"column":32}},"19":{"start":{"line":20,"column":0},"end":{"line":20,"column":13}},"20":{"start":{"line":21,"column":0},"end":{"line":21,"column":2}},"21":{"start":{"line":22,"column":0},"end":{"line":22,"column":0}},"22":{"start":{"line":23,"column":0},"end":{"line":23,"column":38}},"23":{"start":{"line":24,"column":0},"end":{"line":24,"column":22}},"24":{"start":{"line":25,"column":0},"end":{"line":25,"column":40}},"25":{"start":{"line":26,"column":0},"end":{"line":26,"column":15}},"26":{"start":{"line":27,"column":0},"end":{"line":27,"column":14}},"27":{"start":{"line":28,"column":0},"end":{"line":28,"column":52}},"28":{"start":{"line":29,"column":0},"end":{"line":29,"column":67}},"29":{"start":{"line":30,"column":0},"end":{"line":30,"column":71}},"30":{"start":{"line":31,"column":0},"end":{"line":31,"column":47}},"31":{"start":{"line":32,"column":0},"end":{"line":32,"column":4}},"32":{"start":{"line":33,"column":0},"end":{"line":33,"column":31}},"33":{"start":{"line":34,"column":0},"end":{"line":34,"column":11}},"34":{"start":{"line":35,"column":0},"end":{"line":35,"column":51}},"35":{"start":{"line":36,"column":0},"end":{"line":36,"column":42}},"36":{"start":{"line":37,"column":0},"end":{"line":37,"column":27}},"37":{"start":{"line":38,"column":0},"end":{"line":38,"column":8}},"38":{"start":{"line":39,"column":0},"end":{"line":39,"column":61}},"39":{"start":{"line":40,"column":0},"end":{"line":40,"column":43}},"40":{"start":{"line":41,"column":0},"end":{"line":41,"column":44}},"41":{"start":{"line":42,"column":0},"end":{"line":42,"column":37}},"42":{"start":{"line":43,"column":0},"end":{"line":43,"column":8}},"43":{"start":{"line":44,"column":0},"end":{"line":44,"column":60}},"44":{"start":{"line":45,"column":0},"end":{"line":45,"column":43}},"45":{"start":{"line":46,"column":0},"end":{"line":46,"column":44}},"46":{"start":{"line":47,"column":0},"end":{"line":47,"column":62}},"47":{"start":{"line":48,"column":0},"end":{"line":48,"column":9}},"48":{"start":{"line":49,"column":0},"end":{"line":49,"column":3}},"49":{"start":{"line":50,"column":0},"end":{"line":50,"column":3}},"50":{"start":{"line":51,"column":0},"end":{"line":51,"column":0}},"51":{"start":{"line":52,"column":0},"end":{"line":52,"column":40}},"52":{"start":{"line":53,"column":0},"end":{"line":53,"column":0}},"53":{"start":{"line":54,"column":0},"end":{"line":54,"column":14}},"54":{"start":{"line":55,"column":0},"end":{"line":55,"column":26}},"55":{"start":{"line":56,"column":0},"end":{"line":56,"column":26}},"56":{"start":{"line":57,"column":0},"end":{"line":57,"column":28}},"57":{"start":{"line":58,"column":0},"end":{"line":58,"column":21}},"58":{"start":{"line":59,"column":0},"end":{"line":59,"column":31}}},"s":{"0":1,"1":1,"2":1,"3":1,"4":1,"5":0,"6":1,"7":1,"8":1,"9":1,"10":1,"11":1,"12":1,"13":1,"14":1,"15":1,"16":1,"17":1,"18":1,"19":1,"20":1,"21":1,"22":1,"23":1,"24":1,"25":1,"26":1,"27":1,"28":1,"29":1,"30":1,"31":1,"32":1,"33":1,"34":1,"35":2,"36":2,"37":1,"38":1,"39":2,"40":2,"41":2,"42":1,"43":1,"44":2,"45":2,"46":2,"47":1,"48":1,"49":1,"50":1,"51":1,"52":1,"53":1,"54":1,"55":1,"56":1,"57":1,"58":1},"branchMap":{"0":{"type":"branch","line":28,"loc":{"start":{"line":28,"column":29},"end":{"line":28,"column":45}},"locations":[{"start":{"line":28,"column":29},"end":{"line":28,"column":45}}]},"1":{"type":"branch","line":29,"loc":{"start":{"line":29,"column":29},"end":{"line":29,"column":45}},"locations":[{"start":{"line":29,"column":29},"end":{"line":29,"column":45}}]},"2":{"type":"branch","line":30,"loc":{"start":{"line":30,"column":31},"end":{"line":30,"column":47}},"locations":[{"start":{"line":30,"column":31},"end":{"line":30,"column":47}}]},"3":{"type":"branch","line":31,"loc":{"start":{"line":31,"column":25},"end":{"line":31,"column":41}},"locations":[{"start":{"line":31,"column":25},"end":{"line":31,"column":41}}]},"4":{"type":"branch","line":33,"loc":{"start":{"line":33,"column":17},"end":{"line":49,"column":3}},"locations":[{"start":{"line":33,"column":17},"end":{"line":49,"column":3}}]},"5":{"type":"branch","line":35,"loc":{"start":{"line":35,"column":39},"end":{"line":38,"column":7}},"locations":[{"start":{"line":35,"column":39},"end":{"line":38,"column":7}}]},"6":{"type":"branch","line":39,"loc":{"start":{"line":39,"column":41},"end":{"line":43,"column":7}},"locations":[{"start":{"line":39,"column":41},"end":{"line":43,"column":7}}]},"7":{"type":"branch","line":44,"loc":{"start":{"line":44,"column":40},"end":{"line":48,"column":7}},"locations":[{"start":{"line":44,"column":40},"end":{"line":48,"column":7}}]},"8":{"type":"branch","line":47,"loc":{"start":{"line":47,"column":42},"end":{"line":47,"column":46}},"locations":[{"start":{"line":47,"column":42},"end":{"line":47,"column":46}}]},"9":{"type":"branch","line":47,"loc":{"start":{"line":47,"column":42},"end":{"line":47,"column":61}},"locations":[{"start":{"line":47,"column":42},"end":{"line":47,"column":61}}]}},"b":{"0":[1],"1":[1],"2":[1],"3":[2],"4":[1],"5":[2],"6":[2],"7":[2],"8":[1],"9":[1]},"fnMap":{"0":{"name":"getIngredientsFromState","decl":{"start":{"line":28,"column":29},"end":{"line":28,"column":45}},"loc":{"start":{"line":28,"column":29},"end":{"line":28,"column":45}},"line":28},"1":{"name":"getIngredientsIsLoading","decl":{"start":{"line":29,"column":29},"end":{"line":29,"column":45}},"loc":{"start":{"line":29,"column":29},"end":{"line":29,"column":45}},"line":29},"2":{"name":"getIngredientsIsRequested","decl":{"start":{"line":30,"column":31},"end":{"line":30,"column":47}},"loc":{"start":{"line":30,"column":31},"end":{"line":30,"column":47}},"line":30},"3":{"name":"getIngredientsError","decl":{"start":{"line":31,"column":25},"end":{"line":31,"column":41}},"loc":{"start":{"line":31,"column":25},"end":{"line":31,"column":41}},"line":31},"4":{"name":"extraReducers","decl":{"start":{"line":33,"column":17},"end":{"line":49,"column":3}},"loc":{"start":{"line":33,"column":17},"end":{"line":49,"column":3}},"line":33}},"f":{"0":1,"1":1,"2":1,"3":2,"4":1}}
,"C:\\Users\\pheb\\dev\\Stellar\\stellar-burgers\\src\\services\\slices\\orderDetails.ts": {"path":"C:\\Users\\pheb\\dev\\Stellar\\stellar-burgers\\src\\services\\slices\\orderDetails.ts","all":false,"statementMap":{"0":{"start":{"line":1,"column":0},"end":{"line":1,"column":29}},"1":{"start":{"line":2,"column":0},"end":{"line":2,"column":65}},"2":{"start":{"line":3,"column":0},"end":{"line":3,"column":61}},"3":{"start":{"line":4,"column":0},"end":{"line":4,"column":43}},"4":{"start":{"line":5,"column":0},"end":{"line":5,"column":0}},"5":{"start":{"line":6,"column":0},"end":{"line":6,"column":51}},"6":{"start":{"line":7,"column":0},"end":{"line":7,"column":24}},"7":{"start":{"line":8,"column":0},"end":{"line":8,"column":29}},"8":{"start":{"line":9,"column":0},"end":{"line":9,"column":55}},"9":{"start":{"line":10,"column":0},"end":{"line":10,"column":30}},"10":{"start":{"line":11,"column":0},"end":{"line":11,"column":3}},"11":{"start":{"line":12,"column":0},"end":{"line":12,"column":2}},"12":{"start":{"line":13,"column":0},"end":{"line":13,"column":0}},"13":{"start":{"line":14,"column":0},"end":{"line":14,"column":35}},"14":{"start":{"line":15,"column":0},"end":{"line":15,"column":23}},"15":{"start":{"line":16,"column":0},"end":{"line":16,"column":21}},"16":{"start":{"line":17,"column":0},"end":{"line":17,"column":23}},"17":{"start":{"line":18,"column":0},"end":{"line":18,"column":2}},"18":{"start":{"line":19,"column":0},"end":{"line":19,"column":0}},"19":{"start":{"line":20,"column":0},"end":{"line":20,"column":50}},"20":{"start":{"line":21,"column":0},"end":{"line":21,"column":14}},"21":{"start":{"line":22,"column":0},"end":{"line":22,"column":19}},"22":{"start":{"line":23,"column":0},"end":{"line":23,"column":13}},"23":{"start":{"line":24,"column":0},"end":{"line":24,"column":2}},"24":{"start":{"line":25,"column":0},"end":{"line":25,"column":0}},"25":{"start":{"line":26,"column":0},"end":{"line":26,"column":40}},"26":{"start":{"line":27,"column":0},"end":{"line":27,"column":24}},"27":{"start":{"line":28,"column":0},"end":{"line":28,"column":15}},"28":{"start":{"line":29,"column":0},"end":{"line":29,"column":13}},"29":{"start":{"line":30,"column":0},"end":{"line":30,"column":28}},"30":{"start":{"line":31,"column":0},"end":{"line":31,"column":25}},"31":{"start":{"line":32,"column":0},"end":{"line":32,"column":25}},"32":{"start":{"line":33,"column":0},"end":{"line":33,"column":5}},"33":{"start":{"line":34,"column":0},"end":{"line":34,"column":4}},"34":{"start":{"line":35,"column":0},"end":{"line":35,"column":14}},"35":{"start":{"line":36,"column":0},"end":{"line":36,"column":44}},"36":{"start":{"line":37,"column":0},"end":{"line":37,"column":55}},"37":{"start":{"line":38,"column":0},"end":{"line":38,"column":48}},"38":{"start":{"line":39,"column":0},"end":{"line":39,"column":4}},"39":{"start":{"line":40,"column":0},"end":{"line":40,"column":31}},"40":{"start":{"line":41,"column":0},"end":{"line":41,"column":11}},"41":{"start":{"line":42,"column":0},"end":{"line":42,"column":55}},"42":{"start":{"line":43,"column":0},"end":{"line":43,"column":31}},"43":{"start":{"line":44,"column":0},"end":{"line":44,"column":27}},"44":{"start":{"line":45,"column":0},"end":{"line":45,"column":8}},"45":{"start":{"line":46,"column":0},"end":{"line":46,"column":65}},"46":{"start":{"line":47,"column":0},"end":{"line":47,"column":32}},"47":{"start":{"line":48,"column":0},"end":{"line":48,"column":37}},"48":{"start":{"line":49,"column":0},"end":{"line":49,"column":8}},"49":{"start":{"line":50,"column":0},"end":{"line":50,"column":64}},"50":{"start":{"line":51,"column":0},"end":{"line":51,"column":32}},"51":{"start":{"line":52,"column":0},"end":{"line":52,"column":75}},"52":{"start":{"line":53,"column":0},"end":{"line":53,"column":9}},"53":{"start":{"line":54,"column":0},"end":{"line":54,"column":3}},"54":{"start":{"line":55,"column":0},"end":{"line":55,"column":3}},"55":{"start":{"line":56,"column":0},"end":{"line":56,"column":0}},"56":{"start":{"line":57,"column":0},"end":{"line":57,"column":57}},"57":{"start":{"line":58,"column":0},"end":{"line":58,"column":42}},"58":{"start":{"line":59,"column":0},"end":{"line":59,"column":0}},"59":{"start":{"line":60,"column":0},"end":{"line":60,"column":80}},"60":{"start":{"line":61,"column":0},"end":{"line":61,"column":31}}},"s":{"0":1,"1":1,"2":1,"3":1,"4":1,"5":1,"6":1,"7":1,"8":0,"9":0,"10":0,"11":1,"12":1,"13":1,"14":1,"15":1,"16":1,"17":1,"18":1,"19":1,"20":1,"21":1,"22":1,"23":1,"24":1,"25":1,"26":1,"27":1,"28":1,"29":1,"30":1,"31":1,"32":1,"33":1,"34":1,"35":1,"36":1,"37":1,"38":1,"39":1,"40":1,"41":1,"42":2,"43":2,"44":1,"45":1,"46":2,"47":2,"48":1,"49":1,"50":2,"51":2,"52":1,"53":1,"54":1,"55":1,"56":1,"57":1,"58":1,"59":1,"60":1},"branchMap":{"0":{"type":"branch","line":30,"loc":{"start":{"line":30,"column":16},"end":{"line":33,"column":5}},"locations":[{"start":{"line":30,"column":16},"end":{"line":33,"column":5}}]},"1":{"type":"branch","line":36,"loc":{"start":{"line":36,"column":21},"end":{"line":36,"column":37}},"locations":[{"start":{"line":36,"column":21},"end":{"line":36,"column":37}}]},"2":{"type":"branch","line":37,"loc":{"start":{"line":37,"column":28},"end":{"line":37,"column":44}},"locations":[{"start":{"line":37,"column":28},"end":{"line":37,"column":44}}]},"3":{"type":"branch","line":38,"loc":{"start":{"line":38,"column":26},"end":{"line":38,"column":42}},"locations":[{"start":{"line":38,"column":26},"end":{"line":38,"column":42}}]},"4":{"type":"branch","line":40,"loc":{"start":{"line":40,"column":17},"end":{"line":54,"column":3}},"locations":[{"start":{"line":40,"column":17},"end":{"line":54,"column":3}}]},"5":{"type":"branch","line":42,"loc":{"start":{"line":42,"column":43},"end":{"line":45,"column":7}},"locations":[{"start":{"line":42,"column":43},"end":{"line":45,"column":7}}]},"6":{"type":"branch","line":46,"loc":{"start":{"line":46,"column":45},"end":{"line":49,"column":7}},"locations":[{"start":{"line":46,"column":45},"end":{"line":49,"column":7}}]},"7":{"type":"branch","line":50,"loc":{"start":{"line":50,"column":44},"end":{"line":53,"column":7}},"locations":[{"start":{"line":50,"column":44},"end":{"line":53,"column":7}}]},"8":{"type":"branch","line":52,"loc":{"start":{"line":52,"column":42},"end":{"line":52,"column":46}},"locations":[{"start":{"line":52,"column":42},"end":{"line":52,"column":46}}]},"9":{"type":"branch","line":52,"loc":{"start":{"line":52,"column":42},"end":{"line":52,"column":74}},"locations":[{"start":{"line":52,"column":42},"end":{"line":52,"column":74}}]}},"b":{"0":[1],"1":[2],"2":[2],"3":[2],"4":[1],"5":[2],"6":[2],"7":[2],"8":[1],"9":[1]},"fnMap":{"0":{"name":"clearOrder","decl":{"start":{"line":30,"column":16},"end":{"line":33,"column":5}},"loc":{"start":{"line":30,"column":16},"end":{"line":33,"column":5}},"line":30},"1":{"name":"getOrderDetails","decl":{"start":{"line":36,"column":21},"end":{"line":36,"column":37}},"loc":{"start":{"line":36,"column":21},"end":{"line":36,"column":37}},"line":36},"2":{"name":"getOrderDetailsLoading","decl":{"start":{"line":37,"column":28},"end":{"line":37,"column":44}},"loc":{"start":{"line":37,"column":28},"end":{"line":37,"column":44}},"line":37},"3":{"name":"getOrderDetailsError","decl":{"start":{"line":38,"column":26},"end":{"line":38,"column":42}},"loc":{"start":{"line":38,"column":26},"end":{"line":38,"column":42}},"line":38},"4":{"name":"extraReducers","decl":{"start":{"line":40,"column":17},"end":{"line":54,"column":3}},"loc":{"start":{"line":40,"column":17},"end":{"line":54,"column":3}},"line":40}},"f":{"0":1,"1":2,"2":2,"3":2,"4":1}}
,"C:\\Users\\pheb\\dev\\Stellar\\stellar-burgers\\src\\services\\slices\\orders.ts": {"path":"C:\\Users\\pheb\\dev\\Stellar\\stellar-burgers\\src\\services\\slices\\orders.ts","all":false,"statementMap":{"0":{"start":{"line":1,"column":0},"end":{"line":1,"column":49}},"1":{"start":{"line":2,"column":0},"end":{"line":2,"column":73}},"2":{"start":{"line":3,"column":0},"end":{"line":3,"column":56}},"3":{"start":{"line":4,"column":0},"end":{"line":4,"column":0}},"4":{"start":{"line":5,"column":0},"end":{"line":5,"column":21}},"5":{"start":{"line":6,"column":0},"end":{"line":6,"column":0}},"6":{"start":{"line":7,"column":0},"end":{"line":7,"column":26}},"7":{"start":{"line":8,"column":0},"end":{"line":8,"column":14}},"8":{"start":{"line":9,"column":0},"end":{"line":9,"column":19}},"9":{"start":{"line":10,"column":0},"end":{"line":10,"column":1}},"10":{"start":{"line":11,"column":0},"end":{"line":11,"column":0}},"11":{"start":{"line":12,"column":0},"end":{"line":12,"column":42}},"12":{"start":{"line":13,"column":0},"end":{"line":13,"column":0}},"13":{"start":{"line":14,"column":0},"end":{"line":14,"column":66}},"14":{"start":{"line":15,"column":0},"end":{"line":15,"column":0}},"15":{"start":{"line":16,"column":0},"end":{"line":16,"column":77}},"16":{"start":{"line":17,"column":0},"end":{"line":17,"column":21}},"17":{"start":{"line":18,"column":0},"end":{"line":18,"column":2}},"18":{"start":{"line":19,"column":0},"end":{"line":19,"column":0}},"19":{"start":{"line":20,"column":0},"end":{"line":20,"column":24}},"20":{"start":{"line":21,"column":0},"end":{"line":21,"column":15}},"21":{"start":{"line":22,"column":0},"end":{"line":22,"column":28}},"22":{"start":{"line":23,"column":0},"end":{"line":23,"column":19}},"23":{"start":{"line":24,"column":0},"end":{"line":24,"column":2}},"24":{"start":{"line":25,"column":0},"end":{"line":25,"column":0}},"25":{"start":{"line":26,"column":0},"end":{"line":26,"column":32}},"26":{"start":{"line":27,"column":0},"end":{"line":27,"column":13}},"27":{"start":{"line":28,"column":0},"end":{"line":28,"column":19}},"28":{"start":{"line":29,"column":0},"end":{"line":29,"column":2}},"29":{"start":{"line":30,"column":0},"end":{"line":30,"column":0}},"30":{"start":{"line":31,"column":0},"end":{"line":31,"column":28}},"31":{"start":{"line":32,"column":0},"end":{"line":32,"column":14}},"32":{"start":{"line":33,"column":0},"end":{"line":33,"column":17}},"33":{"start":{"line":34,"column":0},"end":{"line":34,"column":15}},"34":{"start":{"line":35,"column":0},"end":{"line":35,"column":20}},"35":{"start":{"line":36,"column":0},"end":{"line":36,"column":20}},"36":{"start":{"line":37,"column":0},"end":{"line":37,"column":17}},"37":{"start":{"line":38,"column":0},"end":{"line":38,"column":34}},"38":{"start":{"line":39,"column":0},"end":{"line":39,"column":26}},"39":{"start":{"line":40,"column":0},"end":{"line":40,"column":24}},"40":{"start":{"line":41,"column":0},"end":{"line":41,"column":17}},"41":{"start":{"line":42,"column":0},"end":{"line":42,"column":2}},"42":{"start":{"line":43,"column":0},"end":{"line":43,"column":0}},"43":{"start":{"line":44,"column":0},"end":{"line":44,"column":49}},"44":{"start":{"line":45,"column":0},"end":{"line":45,"column":10}},"45":{"start":{"line":46,"column":0},"end":{"line":46,"column":13}},"46":{"start":{"line":47,"column":0},"end":{"line":47,"column":11}},"47":{"start":{"line":48,"column":0},"end":{"line":48,"column":16}},"48":{"start":{"line":49,"column":0},"end":{"line":49,"column":16}},"49":{"start":{"line":50,"column":0},"end":{"line":50,"column":12}},"50":{"start":{"line":51,"column":0},"end":{"line":51,"column":18}},"51":{"start":{"line":52,"column":0},"end":{"line":52,"column":24}},"52":{"start":{"line":53,"column":0},"end":{"line":53,"column":22}},"53":{"start":{"line":54,"column":0},"end":{"line":54,"column":11}},"54":{"start":{"line":55,"column":0},"end":{"line":55,"column":2}},"55":{"start":{"line":56,"column":0},"end":{"line":56,"column":0}},"56":{"start":{"line":57,"column":0},"end":{"line":57,"column":27}},"57":{"start":{"line":58,"column":0},"end":{"line":58,"column":16}},"58":{"start":{"line":59,"column":0},"end":{"line":59,"column":35}},"59":{"start":{"line":60,"column":0},"end":{"line":60,"column":13}},"60":{"start":{"line":61,"column":0},"end":{"line":61,"column":66}},"61":{"start":{"line":62,"column":0},"end":{"line":62,"column":71}},"62":{"start":{"line":63,"column":0},"end":{"line":63,"column":32}},"63":{"start":{"line":64,"column":0},"end":{"line":64,"column":46}},"64":{"start":{"line":65,"column":0},"end":{"line":65,"column":30}},"65":{"start":{"line":66,"column":0},"end":{"line":66,"column":30}},"66":{"start":{"line":67,"column":0},"end":{"line":67,"column":26}},"67":{"start":{"line":68,"column":0},"end":{"line":68,"column":9}},"68":{"start":{"line":69,"column":0},"end":{"line":69,"column":6}},"69":{"start":{"line":70,"column":0},"end":{"line":70,"column":18}},"70":{"start":{"line":71,"column":0},"end":{"line":71,"column":12}},"71":{"start":{"line":72,"column":0},"end":{"line":72,"column":65}},"72":{"start":{"line":73,"column":0},"end":{"line":73,"column":10}},"73":{"start":{"line":74,"column":0},"end":{"line":74,"column":30}},"74":{"start":{"line":75,"column":0},"end":{"line":75,"column":30}},"75":{"start":{"line":76,"column":0},"end":{"line":76,"column":26}},"76":{"start":{"line":77,"column":0},"end":{"line":77,"column":9}},"77":{"start":{"line":78,"column":0},"end":{"line":78,"column":46}},"78":{"start":{"line":79,"column":0},"end":{"line":79,"column":6}},"79":{"start":{"line":80,"column":0},"end":{"line":80,"column":25}},"80":{"start":{"line":81,"column":0},"end":{"line":81,"column":26}},"81":{"start":{"line":82,"column":0},"end":{"line":82,"column":47}},"82":{"start":{"line":83,"column":0},"end":{"line":83,"column":10}},"83":{"start":{"line":84,"column":0},"end":{"line":84,"column":41}},"84":{"start":{"line":85,"column":0},"end":{"line":85,"column":46}},"85":{"start":{"line":86,"column":0},"end":{"line":86,"column":6}},"86":{"start":{"line":87,"column":0},"end":{"line":87,"column":33}},"87":{"start":{"line":88,"column":0},"end":{"line":88,"column":26}},"88":{"start":{"line":89,"column":0},"end":{"line":89,"column":49}},"89":{"start":{"line":90,"column":0},"end":{"line":90,"column":10}},"90":{"start":{"line":91,"column":0},"end":{"line":91,"column":51}},"91":{"start":{"line":92,"column":0},"end":{"line":92,"column":57}},"92":{"start":{"line":93,"column":0},"end":{"line":93,"column":8}},"93":{"start":{"line":94,"column":0},"end":{"line":94,"column":46}},"94":{"start":{"line":95,"column":0},"end":{"line":95,"column":6}},"95":{"start":{"line":96,"column":0},"end":{"line":96,"column":47}},"96":{"start":{"line":97,"column":0},"end":{"line":97,"column":23}},"97":{"start":{"line":98,"column":0},"end":{"line":98,"column":33}},"98":{"start":{"line":99,"column":0},"end":{"line":99,"column":24}},"99":{"start":{"line":100,"column":0},"end":{"line":100,"column":22}},"100":{"start":{"line":101,"column":0},"end":{"line":101,"column":23}},"101":{"start":{"line":102,"column":0},"end":{"line":102,"column":5}},"102":{"start":{"line":103,"column":0},"end":{"line":103,"column":4}},"103":{"start":{"line":104,"column":0},"end":{"line":104,"column":0}},"104":{"start":{"line":105,"column":0},"end":{"line":105,"column":14}},"105":{"start":{"line":106,"column":0},"end":{"line":106,"column":56}},"106":{"start":{"line":107,"column":0},"end":{"line":107,"column":73}},"107":{"start":{"line":108,"column":0},"end":{"line":108,"column":55}},"108":{"start":{"line":109,"column":0},"end":{"line":109,"column":38}},"109":{"start":{"line":110,"column":0},"end":{"line":110,"column":51}},"110":{"start":{"line":111,"column":0},"end":{"line":111,"column":34}},"111":{"start":{"line":112,"column":0},"end":{"line":112,"column":4}},"112":{"start":{"line":113,"column":0},"end":{"line":113,"column":31}},"113":{"start":{"line":114,"column":0},"end":{"line":114,"column":11}},"114":{"start":{"line":115,"column":0},"end":{"line":115,"column":48}},"115":{"start":{"line":116,"column":0},"end":{"line":116,"column":33}},"116":{"start":{"line":117,"column":0},"end":{"line":117,"column":36}},"117":{"start":{"line":118,"column":0},"end":{"line":118,"column":25}},"118":{"start":{"line":119,"column":0},"end":{"line":119,"column":8}},"119":{"start":{"line":120,"column":0},"end":{"line":120,"column":15}},"120":{"start":{"line":121,"column":0},"end":{"line":121,"column":30}},"121":{"start":{"line":122,"column":0},"end":{"line":122,"column":60}},"122":{"start":{"line":123,"column":0},"end":{"line":123,"column":39}},"123":{"start":{"line":124,"column":0},"end":{"line":124,"column":39}},"124":{"start":{"line":125,"column":0},"end":{"line":125,"column":41}},"125":{"start":{"line":126,"column":0},"end":{"line":126,"column":38}},"126":{"start":{"line":127,"column":0},"end":{"line":127,"column":45}},"127":{"start":{"line":128,"column":0},"end":{"line":128,"column":55}},"128":{"start":{"line":129,"column":0},"end":{"line":129,"column":35}},"129":{"start":{"line":130,"column":0},"end":{"line":130,"column":18}},"130":{"start":{"line":131,"column":0},"end":{"line":131,"column":42}},"131":{"start":{"line":132,"column":0},"end":{"line":132,"column":38}},"132":{"start":{"line":133,"column":0},"end":{"line":133,"column":41}},"133":{"start":{"line":134,"column":0},"end":{"line":134,"column":11}},"134":{"start":{"line":135,"column":0},"end":{"line":135,"column":9}},"135":{"start":{"line":136,"column":0},"end":{"line":136,"column":7}},"136":{"start":{"line":137,"column":0},"end":{"line":137,"column":57}},"137":{"start":{"line":138,"column":0},"end":{"line":138,"column":34}},"138":{"start":{"line":139,"column":0},"end":{"line":139,"column":34}},"139":{"start":{"line":140,"column":0},"end":{"line":140,"column":62}},"140":{"start":{"line":141,"column":0},"end":{"line":141,"column":9}},"141":{"start":{"line":142,"column":0},"end":{"line":142,"column":3}},"142":{"start":{"line":143,"column":0},"end":{"line":143,"column":3}},"143":{"start":{"line":144,"column":0},"end":{"line":144,"column":0}},"144":{"start":{"line":145,"column":0},"end":{"line":145,"column":29}},"145":{"start":{"line":146,"column":0},"end":{"line":146,"column":14}},"146":{"start":{"line":147,"column":0},"end":{"line":147,"column":12}},"147":{"start":{"line":148,"column":0},"end":{"line":148,"column":14}},"148":{"start":{"line":149,"column":0},"end":{"line":149,"column":21}},"149":{"start":{"line":150,"column":0},"end":{"line":150,"column":29}},"150":{"start":{"line":151,"column":0},"end":{"line":151,"column":17}},"151":{"start":{"line":152,"column":0},"end":{"line":152,"column":18}},"152":{"start":{"line":153,"column":0},"end":{"line":153,"column":14}},"153":{"start":{"line":154,"column":0},"end":{"line":154,"column":24}},"154":{"start":{"line":155,"column":0},"end":{"line":155,"column":20}},"155":{"start":{"line":156,"column":0},"end":{"line":156,"column":20}},"156":{"start":{"line":157,"column":0},"end":{"line":157,"column":14}},"157":{"start":{"line":158,"column":0},"end":{"line":158,"column":18}},"158":{"start":{"line":159,"column":0},"end":{"line":159,"column":14}},"159":{"start":{"line":160,"column":0},"end":{"line":160,"column":20}}},"s":{"0":1,"1":1,"2":1,"3":1,"4":1,"5":1,"6":1,"7":1,"8":1,"9":1,"10":1,"11":1,"12":1,"13":1,"14":1,"15":1,"16":0,"17":1,"18":1,"19":1,"20":1,"21":1,"22":1,"23":1,"24":1,"25":1,"26":1,"27":1,"28":1,"29":1,"30":1,"31":1,"32":1,"33":1,"34":1,"35":1,"36":1,"37":1,"38":1,"39":1,"40":1,"41":1,"42":1,"43":1,"44":1,"45":1,"46":1,"47":1,"48":1,"49":1,"50":1,"51":1,"52":1,"53":1,"54":1,"55":1,"56":1,"57":1,"58":1,"59":1,"60":1,"61":2,"62":2,"63":2,"64":2,"65":2,"66":2,"67":2,"68":1,"69":1,"70":2,"71":2,"72":2,"73":2,"74":2,"75":2,"76":2,"77":2,"78":1,"79":1,"80":3,"81":3,"82":3,"83":3,"84":3,"85":1,"86":1,"87":3,"88":3,"89":3,"90":3,"91":3,"92":3,"93":3,"94":1,"95":1,"96":1,"97":1,"98":1,"99":1,"100":1,"101":1,"102":1,"103":1,"104":1,"105":1,"106":1,"107":1,"108":1,"109":1,"110":1,"111":1,"112":1,"113":1,"114":1,"115":2,"116":2,"117":2,"118":1,"119":1,"120":1,"121":1,"122":3,"123":1,"124":1,"125":1,"126":1,"127":1,"128":1,"129":3,"130":2,"131":2,"132":2,"133":2,"134":3,"135":1,"136":1,"137":2,"138":2,"139":2,"140":1,"141":1,"142":1,"143":1,"144":1,"145":1,"146":1,"147":1,"148":1,"149":1,"150":1,"151":1,"152":1,"153":1,"154":1,"155":1,"156":1,"157":1,"158":1,"159":1},"branchMap":{"0":{"type":"branch","line":7,"loc":{"start":{"line":7,"column":0},"end":{"line":10,"column":1}},"locations":[{"start":{"line":7,"column":0},"end":{"line":10,"column":1}}]},"1":{"type":"branch","line":61,"loc":{"start":{"line":61,"column":15},"end":{"line":69,"column":5}},"locations":[{"start":{"line":61,"column":15},"end":{"line":69,"column":5}}]},"2":{"type":"branch","line":62,"loc":{"start":{"line":62,"column":35},"end":{"line":62,"column":40}},"locations":[{"start":{"line":62,"column":35},"end":{"line":62,"column":40}}]},"3":{"type":"branch","line":62,"loc":{"start":{"line":62,"column":41},"end":{"line":62,"column":70}},"locations":[{"start":{"line":62,"column":41},"end":{"line":62,"column":70}}]},"4":{"type":"branch","line":70,"loc":{"start":{"line":70,"column":17},"end":{"line":79,"column":5}},"locations":[{"start":{"line":70,"column":17},"end":{"line":79,"column":5}}]},"5":{"type":"branch","line":80,"loc":{"start":{"line":80,"column":24},"end":{"line":86,"column":5}},"locations":[{"start":{"line":80,"column":24},"end":{"line":86,"column":5}}]},"6":{"type":"branch","line":87,"loc":{"start":{"line":87,"column":32},"end":{"line":95,"column":5}},"locations":[{"start":{"line":87,"column":32},"end":{"line":95,"column":5}}]},"7":{"type":"branch","line":92,"loc":{"start":{"line":92,"column":8},"end":{"line":92,"column":20}},"locations":[{"start":{"line":92,"column":8},"end":{"line":92,"column":20}}]},"8":{"type":"branch","line":96,"loc":{"start":{"line":96,"column":21},"end":{"line":102,"column":5}},"locations":[{"start":{"line":96,"column":21},"end":{"line":102,"column":5}}]},"9":{"type":"branch","line":106,"loc":{"start":{"line":106,"column":27},"end":{"line":106,"column":43}},"locations":[{"start":{"line":106,"column":27},"end":{"line":106,"column":43}}]},"10":{"type":"branch","line":107,"loc":{"start":{"line":107,"column":23},"end":{"line":107,"column":39}},"locations":[{"start":{"line":107,"column":23},"end":{"line":107,"column":39}}]},"11":{"type":"branch","line":107,"loc":{"start":{"line":107,"column":56},"end":{"line":107,"column":68}},"locations":[{"start":{"line":107,"column":56},"end":{"line":107,"column":68}}]},"12":{"type":"branch","line":108,"loc":{"start":{"line":108,"column":23},"end":{"line":108,"column":39}},"locations":[{"start":{"line":108,"column":23},"end":{"line":108,"column":39}}]},"13":{"type":"branch","line":109,"loc":{"start":{"line":109,"column":17},"end":{"line":109,"column":33}},"locations":[{"start":{"line":109,"column":17},"end":{"line":109,"column":33}}]},"14":{"type":"branch","line":110,"loc":{"start":{"line":110,"column":21},"end":{"line":110,"column":37}},"locations":[{"start":{"line":110,"column":21},"end":{"line":110,"column":37}}]},"15":{"type":"branch","line":111,"loc":{"start":{"line":111,"column":18},"end":{"line":111,"column":34}},"locations":[{"start":{"line":111,"column":18},"end":{"line":111,"column":34}}]},"16":{"type":"branch","line":113,"loc":{"start":{"line":113,"column":17},"end":{"line":142,"column":3}},"locations":[{"start":{"line":113,"column":17},"end":{"line":142,"column":3}}]},"17":{"type":"branch","line":115,"loc":{"start":{"line":115,"column":36},"end":{"line":119,"column":7}},"locations":[{"start":{"line":115,"column":36},"end":{"line":119,"column":7}}]},"18":{"type":"branch","line":122,"loc":{"start":{"line":122,"column":8},"end":{"line":135,"column":9}},"locations":[{"start":{"line":122,"column":8},"end":{"line":135,"column":9}}]},"19":{"type":"branch","line":123,"loc":{"start":{"line":123,"column":38},"end":{"line":130,"column":11}},"locations":[{"start":{"line":123,"column":38},"end":{"line":130,"column":11}}]},"20":{"type":"branch","line":130,"loc":{"start":{"line":130,"column":11},"end":{"line":134,"column":11}},"locations":[{"start":{"line":130,"column":11},"end":{"line":134,"column":11}}]},"21":{"type":"branch","line":137,"loc":{"start":{"line":137,"column":37},"end":{"line":141,"column":7}},"locations":[{"start":{"line":137,"column":37},"end":{"line":141,"column":7}}]},"22":{"type":"branch","line":140,"loc":{"start":{"line":140,"column":42},"end":{"line":140,"column":46}},"locations":[{"start":{"line":140,"column":42},"end":{"line":140,"column":46}}]},"23":{"type":"branch","line":140,"loc":{"start":{"line":140,"column":42},"end":{"line":140,"column":61}},"locations":[{"start":{"line":140,"column":42},"end":{"line":140,"column":61}}]}},"b":{"0":[1],"1":[2],"2":[1],"3":[1],"4":[2],"5":[3],"6":[3],"7":[5],"8":[1],"9":[1],"10":[1],"11":[3],"12":[1],"13":[1],"14":[1],"15":[1],"16":[1],"17":[2],"18":[3],"19":[1],"20":[2],"21":[2],"22":[1],"23":[1]},"fnMap":{"0":{"name":"initOrder","decl":{"start":{"line":61,"column":15},"end":{"line":69,"column":5}},"loc":{"start":{"line":61,"column":15},"end":{"line":69,"column":5}},"line":61},"1":{"name":"changeOrder","decl":{"start":{"line":70,"column":17},"end":{"line":79,"column":5}},"loc":{"start":{"line":70,"column":17},"end":{"line":79,"column":5}},"line":70},"2":{"name":"reorderIngredients","decl":{"start":{"line":80,"column":24},"end":{"line":86,"column":5}},"loc":{"start":{"line":80,"column":24},"end":{"line":86,"column":5}},"line":80},"3":{"name":"removeIngredientByUniqueId","decl":{"start":{"line":87,"column":32},"end":{"line":95,"column":5}},"loc":{"start":{"line":87,"column":32},"end":{"line":95,"column":5}},"line":87},"4":{"name":"resetOrderModal","decl":{"start":{"line":96,"column":21},"end":{"line":102,"column":5}},"loc":{"start":{"line":96,"column":21},"end":{"line":102,"column":5}},"line":96},"5":{"name":"getIngredientsInOrder","decl":{"start":{"line":106,"column":27},"end":{"line":106,"column":43}},"loc":{"start":{"line":106,"column":27},"end":{"line":106,"column":43}},"line":106},"6":{"name":"getIngredientsIds","decl":{"start":{"line":107,"column":23},"end":{"line":107,"column":39}},"loc":{"start":{"line":107,"column":23},"end":{"line":107,"column":39}},"line":107},"7":{"name":"getIsOrderSending","decl":{"start":{"line":108,"column":23},"end":{"line":108,"column":39}},"loc":{"start":{"line":108,"column":23},"end":{"line":108,"column":39}},"line":108},"8":{"name":"getOrdersId","decl":{"start":{"line":109,"column":17},"end":{"line":109,"column":33}},"loc":{"start":{"line":109,"column":17},"end":{"line":109,"column":33}},"line":109},"9":{"name":"getDasOrderSent","decl":{"start":{"line":110,"column":21},"end":{"line":110,"column":37}},"loc":{"start":{"line":110,"column":21},"end":{"line":110,"column":37}},"line":110},"10":{"name":"getOrderData","decl":{"start":{"line":111,"column":18},"end":{"line":111,"column":34}},"loc":{"start":{"line":111,"column":18},"end":{"line":111,"column":34}},"line":111},"11":{"name":"extraReducers","decl":{"start":{"line":113,"column":17},"end":{"line":142,"column":3}},"loc":{"start":{"line":113,"column":17},"end":{"line":142,"column":3}},"line":113}},"f":{"0":2,"1":2,"2":3,"3":3,"4":1,"5":1,"6":1,"7":1,"8":1,"9":1,"10":1,"11":1}}
,"C:\\Users\\pheb\\dev\\Stellar\\stellar-burgers\\src\\services\\slices\\user.ts": {"path":"C:\\Users\\pheb\\dev\\Stellar\\stellar-burgers\\src\\services\\slices\\user.ts","all":false,"statementMap":{"0":{"start":{"line":1,"column":0},"end":{"line":1,"column":65}},"1":{"start":{"line":2,"column":0},"end":{"line":2,"column":42}},"2":{"start":{"line":3,"column":0},"end":{"line":3,"column":67}},"3":{"start":{"line":4,"column":0},"end":{"line":4,"column":8}},"4":{"start":{"line":5,"column":0},"end":{"line":5,"column":18}},"5":{"start":{"line":6,"column":0},"end":{"line":6,"column":15}},"6":{"start":{"line":7,"column":0},"end":{"line":7,"column":20}},"7":{"start":{"line":8,"column":0},"end":{"line":8,"column":19}},"8":{"start":{"line":9,"column":0},"end":{"line":9,"column":13}},"9":{"start":{"line":10,"column":0},"end":{"line":10,"column":16}},"10":{"start":{"line":11,"column":0},"end":{"line":11,"column":11}},"11":{"start":{"line":12,"column":0},"end":{"line":12,"column":32}},"12":{"start":{"line":13,"column":0},"end":{"line":13,"column":61}},"13":{"start":{"line":14,"column":0},"end":{"line":14,"column":0}},"14":{"start":{"line":15,"column":0},"end":{"line":15,"column":45}},"15":{"start":{"line":16,"column":0},"end":{"line":16,"column":18}},"16":{"start":{"line":17,"column":0},"end":{"line":17,"column":38}},"17":{"start":{"line":18,"column":0},"end":{"line":18,"column":53}},"18":{"start":{"line":19,"column":0},"end":{"line":19,"column":64}},"19":{"start":{"line":20,"column":0},"end":{"line":20,"column":51}},"20":{"start":{"line":21,"column":0},"end":{"line":21,"column":25}},"21":{"start":{"line":22,"column":0},"end":{"line":22,"column":3}},"22":{"start":{"line":23,"column":0},"end":{"line":23,"column":2}},"23":{"start":{"line":24,"column":0},"end":{"line":24,"column":0}},"24":{"start":{"line":25,"column":0},"end":{"line":25,"column":42}},"25":{"start":{"line":26,"column":0},"end":{"line":26,"column":15}},"26":{"start":{"line":27,"column":0},"end":{"line":27,"column":36}},"27":{"start":{"line":28,"column":0},"end":{"line":28,"column":51}},"28":{"start":{"line":29,"column":0},"end":{"line":29,"column":64}},"29":{"start":{"line":30,"column":0},"end":{"line":30,"column":51}},"30":{"start":{"line":31,"column":0},"end":{"line":31,"column":25}},"31":{"start":{"line":32,"column":0},"end":{"line":32,"column":3}},"32":{"start":{"line":33,"column":0},"end":{"line":33,"column":2}},"33":{"start":{"line":34,"column":0},"end":{"line":34,"column":0}},"34":{"start":{"line":35,"column":0},"end":{"line":35,"column":47}},"35":{"start":{"line":36,"column":0},"end":{"line":36,"column":24}},"36":{"start":{"line":37,"column":0},"end":{"line":37,"column":39}},"37":{"start":{"line":38,"column":0},"end":{"line":38,"column":52}},"38":{"start":{"line":39,"column":0},"end":{"line":39,"column":20}},"39":{"start":{"line":40,"column":0},"end":{"line":40,"column":3}},"40":{"start":{"line":41,"column":0},"end":{"line":41,"column":2}},"41":{"start":{"line":42,"column":0},"end":{"line":42,"column":0}},"42":{"start":{"line":43,"column":0},"end":{"line":43,"column":46}},"43":{"start":{"line":44,"column":0},"end":{"line":44,"column":23}},"44":{"start":{"line":45,"column":0},"end":{"line":45,"column":64}},"45":{"start":{"line":46,"column":0},"end":{"line":46,"column":58}},"46":{"start":{"line":47,"column":0},"end":{"line":47,"column":20}},"47":{"start":{"line":48,"column":0},"end":{"line":48,"column":3}},"48":{"start":{"line":49,"column":0},"end":{"line":49,"column":2}},"49":{"start":{"line":50,"column":0},"end":{"line":50,"column":0}},"50":{"start":{"line":51,"column":0},"end":{"line":51,"column":69}},"51":{"start":{"line":52,"column":0},"end":{"line":52,"column":38}},"52":{"start":{"line":53,"column":0},"end":{"line":53,"column":23}},"53":{"start":{"line":54,"column":0},"end":{"line":54,"column":3}},"54":{"start":{"line":55,"column":0},"end":{"line":55,"column":0}},"55":{"start":{"line":56,"column":0},"end":{"line":56,"column":43}},"56":{"start":{"line":57,"column":0},"end":{"line":57,"column":20}},"57":{"start":{"line":58,"column":0},"end":{"line":58,"column":47}},"58":{"start":{"line":59,"column":0},"end":{"line":59,"column":51}},"59":{"start":{"line":60,"column":0},"end":{"line":60,"column":25}},"60":{"start":{"line":61,"column":0},"end":{"line":61,"column":3}},"61":{"start":{"line":62,"column":0},"end":{"line":62,"column":2}},"62":{"start":{"line":63,"column":0},"end":{"line":63,"column":0}},"63":{"start":{"line":64,"column":0},"end":{"line":64,"column":71}},"64":{"start":{"line":65,"column":0},"end":{"line":65,"column":37}},"65":{"start":{"line":66,"column":0},"end":{"line":66,"column":42}},"66":{"start":{"line":67,"column":0},"end":{"line":67,"column":30}},"67":{"start":{"line":68,"column":0},"end":{"line":68,"column":18}},"68":{"start":{"line":69,"column":0},"end":{"line":69,"column":3}},"69":{"start":{"line":70,"column":0},"end":{"line":70,"column":0}},"70":{"start":{"line":71,"column":0},"end":{"line":71,"column":26}},"71":{"start":{"line":72,"column":0},"end":{"line":72,"column":21}},"72":{"start":{"line":73,"column":0},"end":{"line":73,"column":25}},"73":{"start":{"line":74,"column":0},"end":{"line":74,"column":21}},"74":{"start":{"line":75,"column":0},"end":{"line":75,"column":23}},"75":{"start":{"line":76,"column":0},"end":{"line":76,"column":33}},"76":{"start":{"line":77,"column":0},"end":{"line":77,"column":33}},"77":{"start":{"line":78,"column":0},"end":{"line":78,"column":32}},"78":{"start":{"line":79,"column":0},"end":{"line":79,"column":32}},"79":{"start":{"line":80,"column":0},"end":{"line":80,"column":2}},"80":{"start":{"line":81,"column":0},"end":{"line":81,"column":0}},"81":{"start":{"line":82,"column":0},"end":{"line":82,"column":41}},"82":{"start":{"line":83,"column":0},"end":{"line":83,"column":13}},"83":{"start":{"line":84,"column":0},"end":{"line":84,"column":23}},"84":{"start":{"line":85,"column":0},"end":{"line":85,"column":19}},"85":{"start":{"line":86,"column":0},"end":{"line":86,"column":14}},"86":{"start":{"line":87,"column":0},"end":{"line":87,"column":31}},"87":{"start":{"line":88,"column":0},"end":{"line":88,"column":31}},"88":{"start":{"line":89,"column":0},"end":{"line":89,"column":30}},"89":{"start":{"line":90,"column":0},"end":{"line":90,"column":29}},"90":{"start":{"line":91,"column":0},"end":{"line":91,"column":2}},"91":{"start":{"line":92,"column":0},"end":{"line":92,"column":0}},"92":{"start":{"line":93,"column":0},"end":{"line":93,"column":31}},"93":{"start":{"line":94,"column":0},"end":{"line":94,"column":15}},"94":{"start":{"line":95,"column":0},"end":{"line":95,"column":15}},"95":{"start":{"line":96,"column":0},"end":{"line":96,"column":13}},"96":{"start":{"line":97,"column":0},"end":{"line":97,"column":29}},"97":{"start":{"line":98,"column":0},"end":{"line":98,"column":33}},"98":{"start":{"line":99,"column":0},"end":{"line":99,"column":6}},"99":{"start":{"line":100,"column":0},"end":{"line":100,"column":28}},"100":{"start":{"line":101,"column":0},"end":{"line":101,"column":25}},"101":{"start":{"line":102,"column":0},"end":{"line":102,"column":6}},"102":{"start":{"line":103,"column":0},"end":{"line":103,"column":37}},"103":{"start":{"line":104,"column":0},"end":{"line":104,"column":41}},"104":{"start":{"line":105,"column":0},"end":{"line":105,"column":41}},"105":{"start":{"line":106,"column":0},"end":{"line":106,"column":6}},"106":{"start":{"line":107,"column":0},"end":{"line":107,"column":38}},"107":{"start":{"line":108,"column":0},"end":{"line":108,"column":42}},"108":{"start":{"line":109,"column":0},"end":{"line":109,"column":42}},"109":{"start":{"line":110,"column":0},"end":{"line":110,"column":5}},"110":{"start":{"line":111,"column":0},"end":{"line":111,"column":4}},"111":{"start":{"line":112,"column":0},"end":{"line":112,"column":14}},"112":{"start":{"line":113,"column":0},"end":{"line":113,"column":39}},"113":{"start":{"line":114,"column":0},"end":{"line":114,"column":50}},"114":{"start":{"line":115,"column":0},"end":{"line":115,"column":47}},"115":{"start":{"line":116,"column":0},"end":{"line":116,"column":41}},"116":{"start":{"line":117,"column":0},"end":{"line":117,"column":42}},"117":{"start":{"line":118,"column":0},"end":{"line":118,"column":43}},"118":{"start":{"line":119,"column":0},"end":{"line":119,"column":42}},"119":{"start":{"line":120,"column":0},"end":{"line":120,"column":7}},"120":{"start":{"line":121,"column":0},"end":{"line":121,"column":41}},"121":{"start":{"line":122,"column":0},"end":{"line":122,"column":42}},"122":{"start":{"line":123,"column":0},"end":{"line":123,"column":41}},"123":{"start":{"line":124,"column":0},"end":{"line":124,"column":6}},"124":{"start":{"line":125,"column":0},"end":{"line":125,"column":4}},"125":{"start":{"line":126,"column":0},"end":{"line":126,"column":31}},"126":{"start":{"line":127,"column":0},"end":{"line":127,"column":11}},"127":{"start":{"line":128,"column":0},"end":{"line":128,"column":49}},"128":{"start":{"line":129,"column":0},"end":{"line":129,"column":31}},"129":{"start":{"line":130,"column":0},"end":{"line":130,"column":27}},"130":{"start":{"line":131,"column":0},"end":{"line":131,"column":8}},"131":{"start":{"line":132,"column":0},"end":{"line":132,"column":59}},"132":{"start":{"line":133,"column":0},"end":{"line":133,"column":32}},"133":{"start":{"line":134,"column":0},"end":{"line":134,"column":36}},"134":{"start":{"line":135,"column":0},"end":{"line":135,"column":35}},"135":{"start":{"line":136,"column":0},"end":{"line":136,"column":8}},"136":{"start":{"line":137,"column":0},"end":{"line":137,"column":58}},"137":{"start":{"line":138,"column":0},"end":{"line":138,"column":32}},"138":{"start":{"line":139,"column":0},"end":{"line":139,"column":68}},"139":{"start":{"line":140,"column":0},"end":{"line":140,"column":8}},"140":{"start":{"line":141,"column":0},"end":{"line":141,"column":46}},"141":{"start":{"line":142,"column":0},"end":{"line":142,"column":31}},"142":{"start":{"line":143,"column":0},"end":{"line":143,"column":27}},"143":{"start":{"line":144,"column":0},"end":{"line":144,"column":8}},"144":{"start":{"line":145,"column":0},"end":{"line":145,"column":56}},"145":{"start":{"line":146,"column":0},"end":{"line":146,"column":32}},"146":{"start":{"line":147,"column":0},"end":{"line":147,"column":36}},"147":{"start":{"line":148,"column":0},"end":{"line":148,"column":35}},"148":{"start":{"line":149,"column":0},"end":{"line":149,"column":8}},"149":{"start":{"line":150,"column":0},"end":{"line":150,"column":55}},"150":{"start":{"line":151,"column":0},"end":{"line":151,"column":32}},"151":{"start":{"line":152,"column":0},"end":{"line":152,"column":61}},"152":{"start":{"line":153,"column":0},"end":{"line":153,"column":8}},"153":{"start":{"line":154,"column":0},"end":{"line":154,"column":51}},"154":{"start":{"line":155,"column":0},"end":{"line":155,"column":43}},"155":{"start":{"line":156,"column":0},"end":{"line":156,"column":27}},"156":{"start":{"line":157,"column":0},"end":{"line":157,"column":8}},"157":{"start":{"line":158,"column":0},"end":{"line":158,"column":53}},"158":{"start":{"line":159,"column":0},"end":{"line":159,"column":44}},"159":{"start":{"line":160,"column":0},"end":{"line":160,"column":43}},"160":{"start":{"line":161,"column":0},"end":{"line":161,"column":8}},"161":{"start":{"line":162,"column":0},"end":{"line":162,"column":60}},"162":{"start":{"line":163,"column":0},"end":{"line":163,"column":44}},"163":{"start":{"line":164,"column":0},"end":{"line":164,"column":79}},"164":{"start":{"line":165,"column":0},"end":{"line":165,"column":8}},"165":{"start":{"line":166,"column":0},"end":{"line":166,"column":50}},"166":{"start":{"line":167,"column":0},"end":{"line":167,"column":42}},"167":{"start":{"line":168,"column":0},"end":{"line":168,"column":27}},"168":{"start":{"line":169,"column":0},"end":{"line":169,"column":8}},"169":{"start":{"line":170,"column":0},"end":{"line":170,"column":52}},"170":{"start":{"line":171,"column":0},"end":{"line":171,"column":43}},"171":{"start":{"line":172,"column":0},"end":{"line":172,"column":42}},"172":{"start":{"line":173,"column":0},"end":{"line":173,"column":8}},"173":{"start":{"line":174,"column":0},"end":{"line":174,"column":59}},"174":{"start":{"line":175,"column":0},"end":{"line":175,"column":43}},"175":{"start":{"line":176,"column":0},"end":{"line":176,"column":70}},"176":{"start":{"line":177,"column":0},"end":{"line":177,"column":8}},"177":{"start":{"line":178,"column":0},"end":{"line":178,"column":44}},"178":{"start":{"line":179,"column":0},"end":{"line":179,"column":31}},"179":{"start":{"line":180,"column":0},"end":{"line":180,"column":27}},"180":{"start":{"line":181,"column":0},"end":{"line":181,"column":8}},"181":{"start":{"line":182,"column":0},"end":{"line":182,"column":54}},"182":{"start":{"line":183,"column":0},"end":{"line":183,"column":32}},"183":{"start":{"line":184,"column":0},"end":{"line":184,"column":36}},"184":{"start":{"line":185,"column":0},"end":{"line":185,"column":35}},"185":{"start":{"line":186,"column":0},"end":{"line":186,"column":8}},"186":{"start":{"line":187,"column":0},"end":{"line":187,"column":53}},"187":{"start":{"line":188,"column":0},"end":{"line":188,"column":32}},"188":{"start":{"line":189,"column":0},"end":{"line":189,"column":72}},"189":{"start":{"line":190,"column":0},"end":{"line":190,"column":35}},"190":{"start":{"line":191,"column":0},"end":{"line":191,"column":8}},"191":{"start":{"line":192,"column":0},"end":{"line":192,"column":47}},"192":{"start":{"line":193,"column":0},"end":{"line":193,"column":31}},"193":{"start":{"line":194,"column":0},"end":{"line":194,"column":27}},"194":{"start":{"line":195,"column":0},"end":{"line":195,"column":8}},"195":{"start":{"line":196,"column":0},"end":{"line":196,"column":57}},"196":{"start":{"line":197,"column":0},"end":{"line":197,"column":32}},"197":{"start":{"line":198,"column":0},"end":{"line":198,"column":36}},"198":{"start":{"line":199,"column":0},"end":{"line":199,"column":8}},"199":{"start":{"line":200,"column":0},"end":{"line":200,"column":56}},"200":{"start":{"line":201,"column":0},"end":{"line":201,"column":32}},"201":{"start":{"line":202,"column":0},"end":{"line":202,"column":75}},"202":{"start":{"line":203,"column":0},"end":{"line":203,"column":8}},"203":{"start":{"line":204,"column":0},"end":{"line":204,"column":47}},"204":{"start":{"line":205,"column":0},"end":{"line":205,"column":31}},"205":{"start":{"line":206,"column":0},"end":{"line":206,"column":27}},"206":{"start":{"line":207,"column":0},"end":{"line":207,"column":8}},"207":{"start":{"line":208,"column":0},"end":{"line":208,"column":49}},"208":{"start":{"line":209,"column":0},"end":{"line":209,"column":32}},"209":{"start":{"line":210,"column":0},"end":{"line":210,"column":26}},"210":{"start":{"line":211,"column":0},"end":{"line":211,"column":8}},"211":{"start":{"line":212,"column":0},"end":{"line":212,"column":56}},"212":{"start":{"line":213,"column":0},"end":{"line":213,"column":32}},"213":{"start":{"line":214,"column":0},"end":{"line":214,"column":62}},"214":{"start":{"line":215,"column":0},"end":{"line":215,"column":26}},"215":{"start":{"line":216,"column":0},"end":{"line":216,"column":9}},"216":{"start":{"line":217,"column":0},"end":{"line":217,"column":3}},"217":{"start":{"line":218,"column":0},"end":{"line":218,"column":3}},"218":{"start":{"line":219,"column":0},"end":{"line":219,"column":0}},"219":{"start":{"line":220,"column":0},"end":{"line":220,"column":33}},"220":{"start":{"line":221,"column":0},"end":{"line":221,"column":14}},"221":{"start":{"line":222,"column":0},"end":{"line":222,"column":14}},"222":{"start":{"line":223,"column":0},"end":{"line":223,"column":13}},"223":{"start":{"line":224,"column":0},"end":{"line":224,"column":22}},"224":{"start":{"line":225,"column":0},"end":{"line":225,"column":22}},"225":{"start":{"line":226,"column":0},"end":{"line":226,"column":22}},"226":{"start":{"line":227,"column":0},"end":{"line":227,"column":14}},"227":{"start":{"line":228,"column":0},"end":{"line":228,"column":14}},"228":{"start":{"line":229,"column":0},"end":{"line":229,"column":16}},"229":{"start":{"line":230,"column":0},"end":{"line":230,"column":17}},"230":{"start":{"line":231,"column":0},"end":{"line":231,"column":15}},"231":{"start":{"line":232,"column":0},"end":{"line":232,"column":26}},"232":{"start":{"line":233,"column":0},"end":{"line":233,"column":24}},"233":{"start":{"line":234,"column":0},"end":{"line":234,"column":24}}},"s":{"0":1,"1":1,"2":1,"3":1,"4":1,"5":1,"6":1,"7":1,"8":1,"9":1,"10":1,"11":1,"12":1,"13":1,"14":1,"15":1,"16":1,"17":0,"18":0,"19":0,"20":0,"21":0,"22":1,"23":1,"24":1,"25":1,"26":1,"27":0,"28":0,"29":0,"30":0,"31":0,"32":1,"33":1,"34":1,"35":1,"36":1,"37":0,"38":0,"39":0,"40":1,"41":1,"42":1,"43":1,"44":1,"45":0,"46":0,"47":0,"48":1,"49":1,"50":1,"51":0,"52":0,"53":1,"54":1,"55":1,"56":1,"57":1,"58":0,"59":0,"60":0,"61":1,"62":1,"63":1,"64":0,"65":0,"66":0,"67":0,"68":1,"69":1,"70":1,"71":1,"72":1,"73":1,"74":1,"75":1,"76":1,"77":1,"78":1,"79":1,"80":1,"81":1,"82":1,"83":1,"84":1,"85":1,"86":1,"87":1,"88":1,"89":1,"90":1,"91":1,"92":1,"93":1,"94":1,"95":1,"96":1,"97":1,"98":1,"99":1,"100":2,"101":1,"102":1,"103":1,"104":1,"105":1,"106":1,"107":1,"108":1,"109":1,"110":1,"111":1,"112":1,"113":1,"114":1,"115":1,"116":1,"117":1,"118":1,"119":1,"120":1,"121":1,"122":1,"123":1,"124":1,"125":1,"126":1,"127":1,"128":2,"129":2,"130":1,"131":1,"132":1,"133":1,"134":1,"135":1,"136":1,"137":2,"138":2,"139":1,"140":1,"141":1,"142":1,"143":1,"144":1,"145":1,"146":1,"147":1,"148":1,"149":1,"150":2,"151":2,"152":1,"153":1,"154":1,"155":1,"156":1,"157":1,"158":1,"159":1,"160":1,"161":1,"162":2,"163":2,"164":1,"165":1,"166":1,"167":1,"168":1,"169":1,"170":1,"171":1,"172":1,"173":1,"174":2,"175":2,"176":1,"177":1,"178":1,"179":1,"180":1,"181":1,"182":1,"183":1,"184":1,"185":1,"186":1,"187":2,"188":2,"189":2,"190":1,"191":1,"192":1,"193":1,"194":1,"195":1,"196":2,"197":2,"198":1,"199":1,"200":2,"201":2,"202":1,"203":1,"204":1,"205":1,"206":1,"207":1,"208":1,"209":1,"210":1,"211":1,"212":2,"213":2,"214":2,"215":1,"216":1,"217":1,"218":1,"219":1,"220":1,"221":1,"222":1,"223":1,"224":1,"225":1,"226":1,"227":1,"228":1,"229":1,"230":1,"231":1,"232":1,"233":1},"branchMap":{"0":{"type":"branch","line":97,"loc":{"start":{"line":97,"column":17},"end":{"line":99,"column":5}},"locations":[{"start":{"line":97,"column":17},"end":{"line":99,"column":5}}]},"1":{"type":"branch","line":100,"loc":{"start":{"line":100,"column":16},"end":{"line":102,"column":5}},"locations":[{"start":{"line":100,"column":16},"end":{"line":102,"column":5}}]},"2":{"type":"branch","line":103,"loc":{"start":{"line":103,"column":25},"end":{"line":106,"column":5}},"locations":[{"start":{"line":103,"column":25},"end":{"line":106,"column":5}}]},"3":{"type":"branch","line":107,"loc":{"start":{"line":107,"column":26},"end":{"line":110,"column":5}},"locations":[{"start":{"line":107,"column":26},"end":{"line":110,"column":5}}]},"4":{"type":"branch","line":113,"loc":{"start":{"line":113,"column":17},"end":{"line":113,"column":33}},"locations":[{"start":{"line":113,"column":17},"end":{"line":113,"column":33}}]},"5":{"type":"branch","line":114,"loc":{"start":{"line":114,"column":19},"end":{"line":114,"column":35}},"locations":[{"start":{"line":114,"column":19},"end":{"line":114,"column":35}}]},"6":{"type":"branch","line":115,"loc":{"start":{"line":115,"column":20},"end":{"line":115,"column":36}},"locations":[{"start":{"line":115,"column":20},"end":{"line":115,"column":36}}]},"7":{"type":"branch","line":116,"loc":{"start":{"line":116,"column":18},"end":{"line":116,"column":34}},"locations":[{"start":{"line":116,"column":18},"end":{"line":116,"column":34}}]},"8":{"type":"branch","line":117,"loc":{"start":{"line":117,"column":29},"end":{"line":117,"column":41}},"locations":[{"start":{"line":117,"column":29},"end":{"line":117,"column":41}}]},"9":{"type":"branch","line":121,"loc":{"start":{"line":121,"column":28},"end":{"line":121,"column":40}},"locations":[{"start":{"line":121,"column":28},"end":{"line":121,"column":40}}]},"10":{"type":"branch","line":126,"loc":{"start":{"line":126,"column":17},"end":{"line":217,"column":3}},"locations":[{"start":{"line":126,"column":17},"end":{"line":217,"column":3}}]},"11":{"type":"branch","line":128,"loc":{"start":{"line":128,"column":37},"end":{"line":131,"column":7}},"locations":[{"start":{"line":128,"column":37},"end":{"line":131,"column":7}}]},"12":{"type":"branch","line":132,"loc":{"start":{"line":132,"column":39},"end":{"line":136,"column":7}},"locations":[{"start":{"line":132,"column":39},"end":{"line":136,"column":7}}]},"13":{"type":"branch","line":137,"loc":{"start":{"line":137,"column":38},"end":{"line":140,"column":7}},"locations":[{"start":{"line":137,"column":38},"end":{"line":140,"column":7}}]},"14":{"type":"branch","line":139,"loc":{"start":{"line":139,"column":42},"end":{"line":139,"column":67}},"locations":[{"start":{"line":139,"column":42},"end":{"line":139,"column":67}}]},"15":{"type":"branch","line":141,"loc":{"start":{"line":141,"column":34},"end":{"line":144,"column":7}},"locations":[{"start":{"line":141,"column":34},"end":{"line":144,"column":7}}]},"16":{"type":"branch","line":145,"loc":{"start":{"line":145,"column":36},"end":{"line":149,"column":7}},"locations":[{"start":{"line":145,"column":36},"end":{"line":149,"column":7}}]},"17":{"type":"branch","line":150,"loc":{"start":{"line":150,"column":35},"end":{"line":153,"column":7}},"locations":[{"start":{"line":150,"column":35},"end":{"line":153,"column":7}}]},"18":{"type":"branch","line":152,"loc":{"start":{"line":152,"column":42},"end":{"line":152,"column":60}},"locations":[{"start":{"line":152,"column":42},"end":{"line":152,"column":60}}]},"19":{"type":"branch","line":154,"loc":{"start":{"line":154,"column":39},"end":{"line":157,"column":7}},"locations":[{"start":{"line":154,"column":39},"end":{"line":157,"column":7}}]},"20":{"type":"branch","line":158,"loc":{"start":{"line":158,"column":41},"end":{"line":161,"column":7}},"locations":[{"start":{"line":158,"column":41},"end":{"line":161,"column":7}}]},"21":{"type":"branch","line":162,"loc":{"start":{"line":162,"column":40},"end":{"line":165,"column":7}},"locations":[{"start":{"line":162,"column":40},"end":{"line":165,"column":7}}]},"22":{"type":"branch","line":164,"loc":{"start":{"line":164,"column":42},"end":{"line":164,"column":78}},"locations":[{"start":{"line":164,"column":42},"end":{"line":164,"column":78}}]},"23":{"type":"branch","line":166,"loc":{"start":{"line":166,"column":38},"end":{"line":169,"column":7}},"locations":[{"start":{"line":166,"column":38},"end":{"line":169,"column":7}}]},"24":{"type":"branch","line":170,"loc":{"start":{"line":170,"column":40},"end":{"line":173,"column":7}},"locations":[{"start":{"line":170,"column":40},"end":{"line":173,"column":7}}]},"25":{"type":"branch","line":174,"loc":{"start":{"line":174,"column":39},"end":{"line":177,"column":7}},"locations":[{"start":{"line":174,"column":39},"end":{"line":177,"column":7}}]},"26":{"type":"branch","line":176,"loc":{"start":{"line":176,"column":42},"end":{"line":176,"column":69}},"locations":[{"start":{"line":176,"column":42},"end":{"line":176,"column":69}}]},"27":{"type":"branch","line":178,"loc":{"start":{"line":178,"column":32},"end":{"line":181,"column":7}},"locations":[{"start":{"line":178,"column":32},"end":{"line":181,"column":7}}]},"28":{"type":"branch","line":182,"loc":{"start":{"line":182,"column":34},"end":{"line":186,"column":7}},"locations":[{"start":{"line":182,"column":34},"end":{"line":186,"column":7}}]},"29":{"type":"branch","line":187,"loc":{"start":{"line":187,"column":33},"end":{"line":191,"column":7}},"locations":[{"start":{"line":187,"column":33},"end":{"line":191,"column":7}}]},"30":{"type":"branch","line":189,"loc":{"start":{"line":189,"column":42},"end":{"line":189,"column":71}},"locations":[{"start":{"line":189,"column":42},"end":{"line":189,"column":71}}]},"31":{"type":"branch","line":192,"loc":{"start":{"line":192,"column":35},"end":{"line":195,"column":7}},"locations":[{"start":{"line":192,"column":35},"end":{"line":195,"column":7}}]},"32":{"type":"branch","line":196,"loc":{"start":{"line":196,"column":37},"end":{"line":199,"column":7}},"locations":[{"start":{"line":196,"column":37},"end":{"line":199,"column":7}}]},"33":{"type":"branch","line":200,"loc":{"start":{"line":200,"column":36},"end":{"line":203,"column":7}},"locations":[{"start":{"line":200,"column":36},"end":{"line":203,"column":7}}]},"34":{"type":"branch","line":202,"loc":{"start":{"line":202,"column":42},"end":{"line":202,"column":74}},"locations":[{"start":{"line":202,"column":42},"end":{"line":202,"column":74}}]},"35":{"type":"branch","line":204,"loc":{"start":{"line":204,"column":35},"end":{"line":207,"column":7}},"locations":[{"start":{"line":204,"column":35},"end":{"line":207,"column":7}}]},"36":{"type":"branch","line":208,"loc":{"start":{"line":208,"column":37},"end":{"line":211,"column":7}},"locations":[{"start":{"line":208,"column":37},"end":{"line":211,"column":7}}]},"37":{"type":"branch","line":212,"loc":{"start":{"line":212,"column":36},"end":{"line":216,"column":7}},"locations":[{"start":{"line":212,"column":36},"end":{"line":216,"column":7}}]},"38":{"type":"branch","line":214,"loc":{"start":{"line":214,"column":42},"end":{"line":214,"column":61}},"locations":[{"start":{"line":214,"column":42},"end":{"line":214,"column":61}}]}},"b":{"0":[1],"1":[2],"2":[1],"3":[1],"4":[1],"5":[1],"6":[1],"7":[2],"8":[1],"9":[1],"10":[1],"11":[2],"12":[1],"13":[2],"14":[1],"15":[1],"16":[1],"17":[2],"18":[1],"19":[1],"20":[1],"21":[2],"22":[1],"23":[1],"24":[1],"25":[2],"26":[1],"27":[1],"28":[1],"29":[2],"30":[1],"31":[1],"32":[2],"33":[2],"34":[1],"35":[1],"36":[1],"37":[2],"38":[1]},"fnMap":{"0":{"name":"authChecked","decl":{"start":{"line":97,"column":17},"end":{"line":99,"column":5}},"loc":{"start":{"line":97,"column":17},"end":{"line":99,"column":5}},"line":97},"1":{"name":"clearError","decl":{"start":{"line":100,"column":16},"end":{"line":102,"column":5}},"loc":{"start":{"line":100,"column":16},"end":{"line":102,"column":5}},"line":100},"2":{"name":"resetPasswordStatus","decl":{"start":{"line":103,"column":25},"end":{"line":106,"column":5}},"loc":{"start":{"line":103,"column":25},"end":{"line":106,"column":5}},"line":103},"3":{"name":"forgotPasswordStatus","decl":{"start":{"line":107,"column":26},"end":{"line":110,"column":5}},"loc":{"start":{"line":107,"column":26},"end":{"line":110,"column":5}},"line":107},"4":{"name":"getUserData","decl":{"start":{"line":113,"column":17},"end":{"line":113,"column":33}},"loc":{"start":{"line":113,"column":17},"end":{"line":113,"column":33}},"line":113},"5":{"name":"isAuthChecked","decl":{"start":{"line":114,"column":19},"end":{"line":114,"column":35}},"loc":{"start":{"line":114,"column":19},"end":{"line":114,"column":35}},"line":114},"6":{"name":"getUserLoading","decl":{"start":{"line":115,"column":20},"end":{"line":115,"column":36}},"loc":{"start":{"line":115,"column":20},"end":{"line":115,"column":36}},"line":115},"7":{"name":"getUserError","decl":{"start":{"line":116,"column":18},"end":{"line":116,"column":34}},"loc":{"start":{"line":116,"column":18},"end":{"line":116,"column":34}},"line":116},"8":{"name":"getForgotPasswordStatus","decl":{"start":{"line":117,"column":29},"end":{"line":117,"column":41}},"loc":{"start":{"line":117,"column":29},"end":{"line":117,"column":41}},"line":117},"9":{"name":"getResetPasswordStatus","decl":{"start":{"line":121,"column":28},"end":{"line":121,"column":40}},"loc":{"start":{"line":121,"column":28},"end":{"line":121,"column":40}},"line":121},"10":{"name":"extraReducers","decl":{"start":{"line":126,"column":17},"end":{"line":217,"column":3}},"loc":{"start":{"line":126,"column":17},"end":{"line":217,"column":3}},"line":126}},"f":{"0":1,"1":2,"2":1,"3":1,"4":1,"5":1,"6":1,"7":2,"8":1,"9":1,"10":1}}
,"C:\\Users\\pheb\\dev\\Stellar\\stellar-burgers\\src\\services\\slices\\userOrders.ts": {"path":"C:\\Users\\pheb\\dev\\Stellar\\stellar-burgers\\src\\services\\slices\\userOrders.ts","all":false,"statementMap":{"0":{"start":{"line":1,"column":0},"end":{"line":1,"column":65}},"1":{"start":{"line":2,"column":0},"end":{"line":2,"column":54}},"2":{"start":{"line":3,"column":0},"end":{"line":3,"column":43}},"3":{"start":{"line":4,"column":0},"end":{"line":4,"column":0}},"4":{"start":{"line":5,"column":0},"end":{"line":5,"column":48}},"5":{"start":{"line":6,"column":0},"end":{"line":6,"column":21}},"6":{"start":{"line":7,"column":0},"end":{"line":7,"column":15}},"7":{"start":{"line":8,"column":0},"end":{"line":8,"column":40}},"8":{"start":{"line":9,"column":0},"end":{"line":9,"column":18}},"9":{"start":{"line":10,"column":0},"end":{"line":10,"column":3}},"10":{"start":{"line":11,"column":0},"end":{"line":11,"column":2}},"11":{"start":{"line":12,"column":0},"end":{"line":12,"column":0}},"12":{"start":{"line":13,"column":0},"end":{"line":13,"column":32}},"13":{"start":{"line":14,"column":0},"end":{"line":14,"column":19}},"14":{"start":{"line":15,"column":0},"end":{"line":15,"column":21}},"15":{"start":{"line":16,"column":0},"end":{"line":16,"column":23}},"16":{"start":{"line":17,"column":0},"end":{"line":17,"column":2}},"17":{"start":{"line":18,"column":0},"end":{"line":18,"column":0}},"18":{"start":{"line":19,"column":0},"end":{"line":19,"column":47}},"19":{"start":{"line":20,"column":0},"end":{"line":20,"column":13}},"20":{"start":{"line":21,"column":0},"end":{"line":21,"column":19}},"21":{"start":{"line":22,"column":0},"end":{"line":22,"column":13}},"22":{"start":{"line":23,"column":0},"end":{"line":23,"column":2}},"23":{"start":{"line":24,"column":0},"end":{"line":24,"column":0}},"24":{"start":{"line":25,"column":0},"end":{"line":25,"column":37}},"25":{"start":{"line":26,"column":0},"end":{"line":26,"column":21}},"26":{"start":{"line":27,"column":0},"end":{"line":27,"column":15}},"27":{"start":{"line":28,"column":0},"end":{"line":28,"column":13}},"28":{"start":{"line":29,"column":0},"end":{"line":29,"column":33}},"29":{"start":{"line":30,"column":0},"end":{"line":30,"column":24}},"30":{"start":{"line":31,"column":0},"end":{"line":31,"column":25}},"31":{"start":{"line":32,"column":0},"end":{"line":32,"column":6}},"32":{"start":{"line":33,"column":0},"end":{"line":33,"column":59}},"33":{"start":{"line":34,"column":0},"end":{"line":34,"column":43}},"34":{"start":{"line":35,"column":0},"end":{"line":35,"column":5}},"35":{"start":{"line":36,"column":0},"end":{"line":36,"column":4}},"36":{"start":{"line":37,"column":0},"end":{"line":37,"column":14}},"37":{"start":{"line":38,"column":0},"end":{"line":38,"column":43}},"38":{"start":{"line":39,"column":0},"end":{"line":39,"column":53}},"39":{"start":{"line":40,"column":0},"end":{"line":40,"column":47}},"40":{"start":{"line":41,"column":0},"end":{"line":41,"column":56}},"41":{"start":{"line":42,"column":0},"end":{"line":42,"column":69}},"42":{"start":{"line":43,"column":0},"end":{"line":43,"column":4}},"43":{"start":{"line":44,"column":0},"end":{"line":44,"column":31}},"44":{"start":{"line":45,"column":0},"end":{"line":45,"column":11}},"45":{"start":{"line":46,"column":0},"end":{"line":46,"column":52}},"46":{"start":{"line":47,"column":0},"end":{"line":47,"column":31}},"47":{"start":{"line":48,"column":0},"end":{"line":48,"column":27}},"48":{"start":{"line":49,"column":0},"end":{"line":49,"column":8}},"49":{"start":{"line":50,"column":0},"end":{"line":50,"column":62}},"50":{"start":{"line":51,"column":0},"end":{"line":51,"column":32}},"51":{"start":{"line":52,"column":0},"end":{"line":52,"column":43}},"52":{"start":{"line":53,"column":0},"end":{"line":53,"column":19}},"53":{"start":{"line":54,"column":0},"end":{"line":54,"column":77}},"54":{"start":{"line":55,"colu
[...]
column":34}},"77":{"start":{"line":78,"column":0},"end":{"line":78,"column":7}},"78":{"start":{"line":79,"column":0},"end":{"line":79,"column":0}},"79":{"start":{"line":80,"column":0},"end":{"line":80,"column":32}},"80":{"start":{"line":81,"column":0},"end":{"line":81,"column":28}},"81":{"start":{"line":82,"column":0},"end":{"line":82,"column":54}},"82":{"start":{"line":83,"column":0},"end":{"line":83,"column":21}},"83":{"start":{"line":84,"column":0},"end":{"line":84,"column":37}},"84":{"start":{"line":85,"column":0},"end":{"line":85,"column":34}},"85":{"start":{"line":86,"column":0},"end":{"line":86,"column":7}},"86":{"start":{"line":87,"column":0},"end":{"line":87,"column":0}},"87":{"start":{"line":88,"column":0},"end":{"line":88,"column":33}},"88":{"start":{"line":89,"column":0},"end":{"line":89,"column":53}},"89":{"start":{"line":90,"column":0},"end":{"line":90,"column":18}},"90":{"start":{"line":91,"column":0},"end":{"line":91,"column":14}},"91":{"start":{"line":92,"column":0},"end":{"line":92,"column":55}},"92":{"start":{"line":93,"column":0},"end":{"line":93,"column":45}},"93":{"start":{"line":94,"column":0},"end":{"line":94,"column":20}},"94":{"start":{"line":95,"column":0},"end":{"line":95,"column":21}},"95":{"start":{"line":96,"column":0},"end":{"line":96,"column":24}},"96":{"start":{"line":97,"column":0},"end":{"line":97,"column":25}},"97":{"start":{"line":98,"column":0},"end":{"line":98,"column":5}},"98":{"start":{"line":99,"column":0},"end":{"line":99,"column":32}},"99":{"start":{"line":100,"column":0},"end":{"line":100,"column":5}},"100":{"start":{"line":101,"column":0},"end":{"line":101,"column":0}},"101":{"start":{"line":102,"column":0},"end":{"line":102,"column":42}},"102":{"start":{"line":103,"column":0},"end":{"line":103,"column":16}},"103":{"start":{"line":104,"column":0},"end":{"line":104,"column":15}},"104":{"start":{"line":105,"column":0},"end":{"line":105,"column":3}},"105":{"start":{"line":106,"column":0},"end":{"line":106,"column":0}},"106":{"start":{"line":107,"column":0},"end":{"line":107,"column":49}},"107":{"start":{"line":108,"column":0},"end":{"line":108,"column":56}},"108":{"start":{"line":109,"column":0},"end":{"line":109,"column":19}},"109":{"start":{"line":110,"column":0},"end":{"line":110,"column":14}},"110":{"start":{"line":111,"column":0},"end":{"line":111,"column":55}},"111":{"start":{"line":112,"column":0},"end":{"line":112,"column":45}},"112":{"start":{"line":113,"column":0},"end":{"line":113,"column":21}},"113":{"start":{"line":114,"column":0},"end":{"line":114,"column":26}},"114":{"start":{"line":115,"column":0},"end":{"line":115,"column":23}},"115":{"start":{"line":116,"column":0},"end":{"line":116,"column":6}},"116":{"start":{"line":117,"column":0},"end":{"line":117,"column":21}},"117":{"start":{"line":118,"column":0},"end":{"line":118,"column":35}},"118":{"start":{"line":119,"column":0},"end":{"line":119,"column":32}},"119":{"start":{"line":120,"column":0},"end":{"line":120,"column":5}},"120":{"start":{"line":121,"column":0},"end":{"line":121,"column":0}},"121":{"start":{"line":122,"column":0},"end":{"line":122,"column":39}},"122":{"start":{"line":123,"column":0},"end":{"line":123,"column":19}},"123":{"start":{"line":124,"column":0},"end":{"line":124,"column":3}},"124":{"start":{"line":125,"column":0},"end":{"line":125,"column":0}},"125":{"start":{"line":126,"column":0},"end":{"line":126,"column":54}},"126":{"start":{"line":127,"column":0},"end":{"line":127,"column":36}},"127":{"start":{"line":128,"column":0},"end":{"line":128,"column":18}},"128":{"start":{"line":129,"column":0},"end":{"line":129,"column":14}},"129":{"start":{"line":130,"column":0},"end":{"line":130,"column":40}},"130":{"start":{"line":131,"column":0},"end":{"line":131,"column":5}},"131":{"start":{"line":132,"column":0},"end":{"line":132,"column":55}},"132":{"start":{"line":133,"column":0},"end":{"line":133,"column":0}},"133":{"start":{"line":134,"column":0},"end":{"line":134,"column":29}},"134":{"start":{"line":135,"column":0},"end":{"line":135,"column":16}},"135":{"start":{"line":136,"column":0},"end":{"line":136,"column":15}},"136":{"start":{"line":137,"column":0},"end":{"line":137,"column":19}},"137":{"start":{"line":138,"column":0},"end":{"line":138,"column":2}},"138":{"start":{"line":139,"column":0},"end":{"line":139,"column":0}},"139":{"start":{"line":140,"column":0},"end":{"line":140,"column":38}},"140":{"start":{"line":141,"column":0},"end":{"line":141,"column":23}},"141":{"start":{"line":142,"column":0},"end":{"line":142,"column":22}},"142":{"start":{"line":143,"column":0},"end":{"line":143,"column":14}},"143":{"start":{"line":144,"column":0},"end":{"line":144,"column":3}},"144":{"start":{"line":145,"column":0},"end":{"line":145,"column":0}},"145":{"start":{"line":146,"column":0},"end":{"line":146,"column":55}},"146":{"start":{"line":147,"column":0},"end":{"line":147,"column":33}},"147":{"start":{"line":148,"column":0},"end":{"line":148,"column":19}},"148":{"start":{"line":149,"column":0},"end":{"line":149,"column":14}},"149":{"start":{"line":150,"column":0},"end":{"line":150,"column":54}},"150":{"start":{"line":151,"column":0},"end":{"line":151,"column":6}},"151":{"start":{"line":152,"column":0},"end":{"line":152,"column":30}},"152":{"start":{"line":153,"column":0},"end":{"line":153,"column":4}},"153":{"start":{"line":154,"column":0},"end":{"line":154,"column":53}},"154":{"start":{"line":155,"column":0},"end":{"line":155,"column":21}},"155":{"start":{"line":156,"column":0},"end":{"line":156,"column":37}},"156":{"start":{"line":157,"column":0},"end":{"line":157,"column":34}},"157":{"start":{"line":158,"column":0},"end":{"line":158,"column":7}},"158":{"start":{"line":159,"column":0},"end":{"line":159,"column":0}},"159":{"start":{"line":160,"column":0},"end":{"line":160,"column":26}},"160":{"start":{"line":161,"column":0},"end":{"line":161,"column":16}},"161":{"start":{"line":162,"column":0},"end":{"line":162,"column":19}},"162":{"start":{"line":163,"column":0},"end":{"line":163,"column":2}},"163":{"start":{"line":164,"column":0},"end":{"line":164,"column":0}},"164":{"start":{"line":165,"column":0},"end":{"line":165,"column":49}},"165":{"start":{"line":166,"column":0},"end":{"line":166,"column":30}},"166":{"start":{"line":167,"column":0},"end":{"line":167,"column":19}},"167":{"start":{"line":168,"column":0},"end":{"line":168,"column":14}},"168":{"start":{"line":169,"column":0},"end":{"line":169,"column":54}},"169":{"start":{"line":170,"column":0},"end":{"line":170,"column":6}},"170":{"start":{"line":171,"column":0},"end":{"line":171,"column":30}},"171":{"start":{"line":172,"column":0},"end":{"line":172,"column":4}},"172":{"start":{"line":173,"column":0},"end":{"line":173,"column":53}},"173":{"start":{"line":174,"column":0},"end":{"line":174,"column":21}},"174":{"start":{"line":175,"column":0},"end":{"line":175,"column":37}},"175":{"start":{"line":176,"column":0},"end":{"line":176,"column":34}},"176":{"start":{"line":177,"column":0},"end":{"line":177,"column":7}},"177":{"start":{"line":178,"column":0},"end":{"line":178,"column":0}},"178":{"start":{"line":179,"column":0},"end":{"line":179,"column":61}},"179":{"start":{"line":180,"column":0},"end":{"line":180,"column":34}},"180":{"start":{"line":181,"column":0},"end":{"line":181,"column":19}},"181":{"start":{"line":182,"column":0},"end":{"line":182,"column":14}},"182":{"start":{"line":183,"column":0},"end":{"line":183,"column":54}},"183":{"start":{"line":184,"column":0},"end":{"line":184,"column":6}},"184":{"start":{"line":185,"column":0},"end":{"line":185,"column":30}},"185":{"start":{"line":186,"column":0},"end":{"line":186,"column":4}},"186":{"start":{"line":187,"column":0},"end":{"line":187,"column":76}},"187":{"start":{"line":188,"column":0},"end":{"line":188,"column":21}},"188":{"start":{"line":189,"column":0},"end":{"line":189,"column":37}},"189":{"start":{"line":190,"column":0},"end":{"line":190,"column":34}},"190":{"start":{"line":191,"column":0},"end":{"line":191,"column":7}},"191":{"start":{"line":192,"column":0},"end":{"line":192,"column":0}},"192":{"start":{"line":193,"column":0},"end":{"line":193,"column":78}},"193":{"start":{"line":194,"column":0},"end":{"line":194,"column":40}},"194":{"start":{"line":195,"column":0},"end":{"line":195,"column":19}},"195":{"start":{"line":196,"column":0},"end":{"line":196,"column":14}},"196":{"start":{"line":197,"column":0},"end":{"line":197,"column":54}},"197":{"start":{"line":198,"column":0},"end":{"line":198,"column":6}},"198":{"start":{"line":199,"column":0},"end":{"line":199,"column":30}},"199":{"start":{"line":200,"column":0},"end":{"line":200,"column":4}},"200":{"start":{"line":201,"column":0},"end":{"line":201,"column":76}},"201":{"start":{"line":202,"column":0},"end":{"line":202,"column":21}},"202":{"start":{"line":203,"column":0},"end":{"line":203,"column":37}},"203":{"start":{"line":204,"column":0},"end":{"line":204,"column":34}},"204":{"start":{"line":205,"column":0},"end":{"line":205,"column":7}},"205":{"start":{"line":206,"column":0},"end":{"line":206,"column":0}},"206":{"start":{"line":207,"column":0},"end":{"line":207,"column":54}},"207":{"start":{"line":208,"column":0},"end":{"line":208,"column":0}},"208":{"start":{"line":209,"column":0},"end":{"line":209,"column":31}},"209":{"start":{"line":210,"column":0},"end":{"line":210,"column":55}},"210":{"start":{"line":211,"column":0},"end":{"line":211,"column":14}},"211":{"start":{"line":212,"column":0},"end":{"line":212,"column":45}},"212":{"start":{"line":213,"column":0},"end":{"line":213,"column":20}},"213":{"start":{"line":214,"column":0},"end":{"line":214,"column":5}},"214":{"start":{"line":215,"column":0},"end":{"line":215,"column":0}},"215":{"start":{"line":216,"column":0},"end":{"line":216,"column":62}},"216":{"start":{"line":217,"column":0},"end":{"line":217,"column":55}},"217":{"start":{"line":218,"column":0},"end":{"line":218,"column":20}},"218":{"start":{"line":219,"column":0},"end":{"line":219,"column":14}},"219":{"start":{"line":220,"column":0},"end":{"line":220,"column":55}},"220":{"start":{"line":221,"column":0},"end":{"line":221,"column":45}},"221":{"start":{"line":222,"column":0},"end":{"line":222,"column":21}},"222":{"start":{"line":223,"column":0},"end":{"line":223,"column":30}},"223":{"start":{"line":224,"column":0},"end":{"line":224,"column":5}},"224":{"start":{"line":225,"column":0},"end":{"line":225,"column":0}},"225":{"start":{"line":226,"column":0},"end":{"line":226,"column":30}},"226":{"start":{"line":227,"column":0},"end":{"line":227,"column":31}},"227":{"start":{"line":228,"column":0},"end":{"line":228,"column":19}},"228":{"start":{"line":229,"column":0},"end":{"line":229,"column":14}},"229":{"start":{"line":230,"column":0},"end":{"line":230,"column":54}},"230":{"start":{"line":231,"column":0},"end":{"line":231,"column":6}},"231":{"start":{"line":232,"column":0},"end":{"line":232,"column":26}},"232":{"start":{"line":233,"column":0},"end":{"line":233,"column":49}},"233":{"start":{"line":234,"column":0},"end":{"line":234,"column":6}},"234":{"start":{"line":235,"column":0},"end":{"line":235,"column":77}}},"s":{"0":1,"1":1,"2":1,"3":1,"4":1,"5":1,"6":0,"7":1,"8":1,"9":1,"10":1,"11":1,"12":1,"13":1,"14":1,"15":1,"16":1,"17":1,"18":0,"19":0,"20":0,"21":0,"22":0,"23":0,"24":0,"25":0,"26":0,"27":0,"28":0,"29":0,"30":0,"31":0,"32":0,"33":0,"34":0,"35":0,"36":1,"37":1,"38":0,"39":0,"40":0,"41":0,"42":0,"43":0,"44":0,"45":0,"46":0,"47":0,"48":0,"49":0,"50":0,"51":0,"52":0,"53":0,"54":0,"55":0,"56":0,"57":0,"58":1,"59":1,"60":1,"61":1,"62":1,"63":1,"64":1,"65":1,"66":1,"67":1,"68":1,"69":1,"70":0,"71":0,"72":0,"73":0,"74":0,"75":0,"76":0,"77":0,"78":1,"79":1,"80":0,"81":0,"82":0,"83":0,"84":0,"85":0,"86":1,"87":1,"88":0,"89":0,"90":0,"91":0,"92":0,"93":0,"94":0,"95":0,"96":0,"97":0,"98":0,"99":0,"100":1,"101":1,"102":1,"103":1,"104":1,"105":1,"106":1,"107":0,"108":0,"109":0,"110":0,"111":0,"112":0,"113":0,"114":0,"115":0,"116":0,"117":0,"118":0,"119":0,"120":1,"121":1,"122":1,"123":1,"124":1,"125":1,"126":0,"127":0,"128":0,"129":0,"130":0,"131":0,"132":1,"133":1,"134":1,"135":1,"136":1,"137":1,"138":1,"139":1,"140":1,"141":1,"142":1,"143":1,"144":1,"145":1,"146":0,"147":0,"148":0,"149":0,"150":0,"151":0,"152":0,"153":0,"154":0,"155":0,"156":0,"157":0,"158":1,"159":1,"160":1,"161":1,"162":1,"163":1,"164":1,"165":0,"166":0,"167":0,"168":0,"169":0,"170":0,"171":0,"172":0,"173":0,"174":0,"175":0,"176":0,"177":1,"178":1,"179":0,"180":0,"181":0,"182":0,"183":0,"184":0,"185":0,"186":0,"187":0,"188":0,"189":0,"190":0,"191":1,"192":1,"193":0,"194":0,"195":0,"196":0,"197":0,"198":0,"199":0,"200":0,"201":0,"202":0,"203":0,"204":0,"205":1,"206":1,"207":1,"208":1,"209":0,"210":0,"211":0,"212":0,"213":0,"214":1,"215":1,"216":0,"217":0,"218":0,"219":0,"220":0,"221":0,"222":0,"223":0,"224":1,"225":1,"226":0,"227":0,"228":0,"229":0,"230":0,"231":0,"232":0,"233":0,"234":0},"branchMap":{},"b":{},"fnMap":{"0":{"name":"checkResponse","decl":{"start":{"line":6,"column":22},"end":{"line":7,"column":70}},"loc":{"start":{"line":6,"column":22},"end":{"line":7,"column":70}},"line":6},"1":{"name":"refreshToken","decl":{"start":{"line":18,"column":28},"end":{"line":36,"column":7}},"loc":{"start":{"line":18,"column":28},"end":{"line":36,"column":7}},"line":18},"2":{"name":"fetchWithRefresh","decl":{"start":{"line":38,"column":32},"end":{"line":58,"column":2}},"loc":{"start":{"line":38,"column":32},"end":{"line":58,"column":2}},"line":38},"3":{"name":"getIngredientsApi","decl":{"start":{"line":70,"column":33},"end":{"line":78,"column":7}},"loc":{"start":{"line":70,"column":33},"end":{"line":78,"column":7}},"line":70},"4":{"name":"getFeedsApi","decl":{"start":{"line":80,"column":27},"end":{"line":86,"column":7}},"loc":{"start":{"line":80,"column":27},"end":{"line":86,"column":7}},"line":80},"5":{"name":"getOrdersApi","decl":{"start":{"line":88,"column":28},"end":{"line":100,"column":5}},"loc":{"start":{"line":88,"column":28},"end":{"line":100,"column":5}},"line":88},"6":{"name":"orderBurgerApi","decl":{"start":{"line":107,"column":30},"end":{"line":120,"column":5}},"loc":{"start":{"line":107,"column":30},"end":{"line":120,"column":5}},"line":107},"7":{"name":"getOrderByNumberApi","decl":{"start":{"line":126,"column":35},"end":{"line":132,"column":55}},"loc":{"start":{"line":126,"column":35},"end":{"line":132,"column":55}},"line":126},"8":{"name":"registerUserApi","decl":{"start":{"line":146,"column":31},"end":{"line":158,"column":7}},"loc":{"start":{"line":146,"column":31},"end":{"line":158,"column":7}},"line":146},"9":{"name":"loginUserApi","decl":{"start":{"line":165,"column":28},"end":{"line":177,"column":7}},"loc":{"start":{"line":165,"column":28},"end":{"line":177,"column":7}},"line":165},"10":{"name":"forgotPasswordApi","decl":{"start":{"line":179,"column":33},"end":{"line":191,"column":7}},"loc":{"start":{"line":179,"column":33},"end":{"line":191,"column":7}},"line":179},"11":{"name":"resetPasswordApi","decl":{"start":{"line":193,"column":32},"end":{"line":205,"column":7}},"loc":{"start":{"line":193,"column":32},"end":{"line":205,"column":7}},"line":193},"12":{"name":"getUserApi","decl":{"start":{"line":209,"column":26},"end":{"line":214,"column":5}},"loc":{"start":{"line":209,"column":26},"end":{"line":214,"column":5}},"line":209},"13":{"name":"updateUserApi","decl":{"start":{"line":216,"column":29},"end":{"line":224,"column":5}},"loc":{"start":{"line":216,"column":29},"end":{"line":224,"column":5}},"line":216},"14":{"name":"logoutApi","decl":{"start":{"line":226,"column":25},"end":{"line":235,"column":77}},"loc":{"start":{"line":226,"column":25},"end":{"line":235,"column":77}},"line":226}},"f":{"0":0,"1":0,"2":0,"3":0,"4":0,"5":0,"6":0,"7":0,"8":0,"9":0,"10":0,"11":0,"12":0,"13":0,"14":0}}
,"C:\\Users\\pheb\\dev\\Stellar\\stellar-burgers\\src\\utils\\cookie.ts": {"path":"C:\\Users\\pheb\\dev\\Stellar\\stellar-burgers\\src\\utils\\cookie.ts","all":false,"statementMap":{"0":{"start":{"line":1,"column":0},"end":{"line":1,"column":61}},"1":{"start":{"line":2,"column":0},"end":{"line":2,"column":40}},"2":{"start":{"line":3,"column":0},"end":{"line":3,"column":15}},"3":{"start":{"line":4,"column":0},"end":{"line":4,"column":18}},"4":{"start":{"line":5,"column":0},"end":{"line":5,"column":53}},"5":{"start":{"line":6,"column":0},"end":{"line":6,"column":62}},"6":{"start":{"line":7,"column":0},"end":{"line":7,"column":18}},"7":{"start":{"line":8,"column":0},"end":{"line":8,"column":5}},"8":{"start":{"line":9,"column":0},"end":{"line":9,"column":4}},"9":{"start":{"line":10,"column":0},"end":{"line":10,"column":62}},"10":{"start":{"line":11,"column":0},"end":{"line":11,"column":1}},"11":{"start":{"line":12,"column":0},"end":{"line":12,"column":0}},"12":{"start":{"line":13,"column":0},"end":{"line":13,"column":26}},"13":{"start":{"line":14,"column":0},"end":{"line":14,"column":15}},"14":{"start":{"line":15,"column":0},"end":{"line":15,"column":16}},"15":{"start":{"line":16,"column":0},"end":{"line":16,"column":65}},"16":{"start":{"line":17,"column":0},"end":{"line":17,"column":3}},"17":{"start":{"line":18,"column":0},"end":{"line":18,"column":11}},"18":{"start":{"line":19,"column":0},"end":{"line":19,"column":14}},"19":{"start":{"line":20,"column":0},"end":{"line":20,"column":12}},"20":{"start":{"line":21,"column":0},"end":{"line":21,"column":4}},"21":{"start":{"line":22,"column":0},"end":{"line":22,"column":0}},"22":{"start":{"line":23,"column":0},"end":{"line":23,"column":26}},"23":{"start":{"line":24,"column":0},"end":{"line":24,"column":39}},"24":{"start":{"line":25,"column":0},"end":{"line":25,"column":25}},"25":{"start":{"line":26,"column":0},"end":{"line":26,"column":40}},"26":{"start":{"line":27,"column":0},"end":{"line":27,"column":28}},"27":{"start":{"line":28,"column":0},"end":{"line":28,"column":3}},"28":{"start":{"line":29,"column":0},"end":{"line":29,"column":0}},"29":{"start":{"line":30,"column":0},"end":{"line":30,"column":35}},"30":{"start":{"line":31,"column":0},"end":{"line":31,"column":38}},"31":{"start":{"line":32,"column":0},"end":{"line":32,"column":3}},"32":{"start":{"line":33,"column":0},"end":{"line":33,"column":36}},"33":{"start":{"line":34,"column":0},"end":{"line":34,"column":41}},"34":{"start":{"line":35,"column":0},"end":{"line":35,"column":33}},"35":{"start":{"line":36,"column":0},"end":{"line":36,"column":37}},"36":{"start":{"line":37,"column":0},"end":{"line":37,"column":38}},"37":{"start":{"line":38,"column":0},"end":{"line":38,"column":29}},"38":{"start":{"line":39,"column":0},"end":{"line":39,"column":39}},"39":{"start":{"line":40,"column":0},"end":{"line":40,"column":5}},"40":{"start":{"line":41,"column":0},"end":{"line":41,"column":3}},"41":{"start":{"line":42,"column":0},"end":{"line":42,"column":34}},"42":{"start":{"line":43,"column":0},"end":{"line":43,"column":1}},"43":{"start":{"line":44,"column":0},"end":{"line":44,"column":0}},"44":{"start":{"line":45,"column":0},"end":{"line":45,"column":44}},"45":{"start":{"line":46,"column":0},"end":{"line":46,"column":39}},"46":{"start":{"line":47,"column":0},"end":{"line":47,"column":1}}},"s":{"0":0,"1":0,"2":0,"3":0,"4":0,"5":0,"6":0,"7":0,"8":0,"9":0,"10":0,"11":1,"12":0,"13":0,"14":0,"15":0,"16":0,"17":0,"18":0,"19":0,"20":0,"21":0,"22":0,"23":0,"24":0,"25":0,"26":0,"27":0,"28":0,"29":0,"30":0,"31":0,"32":0,"33":0,"34":0,"35":0,"36":0,"37":0,"38":0,"39":0,"40":0,"41":0,"42":0,"43":1,"44":0,"45":0,"46":0},"branchMap":{},"b":{},"fnMap":{"0":{"name":"getCookie","decl":{"start":{"line":1,"column":0},"end":{"line":11,"column":1}},"loc":{"start":{"line":1,"column":0},"end":{"line":11,"column":1}},"line":1},"1":{"name":"setCookie","decl":{"start":{"line":13,"column":0},"end":{"line":43,"column":1}},"loc":{"start":{"line":13,"column":0},"end":{"line":43,"column":1}},"line":13},"2":{"name":"deleteCookie","decl":{"start":{"line":45,"column":0},"end":{"line":47,"column":1}},"loc":{"start":{"line":45,"column":0},"end":{"line":47,"column":1}},"line":45}},"f":{"0":0,"1":0,"2":0}}
}
